This is pdfTeX, Version 3.14159265-2.6-1.40.19 (TeX Live 2018) (preloaded format=pdflatex 2018.4.16)  8 JUN 2020 08:25
entering extended mode
 restricted \write18 enabled.
 %&-line parsing enabled.
**InfraPy.tex
(./InfraPy.tex
LaTeX2e <2018-04-01> patch level 2
Babel <3.18> and hyphenation patterns for 84 language(s) loaded.
(./sphinxmanual.cls
Document Class: sphinxmanual 2019/12/01 v2.3.0 Document class (Sphinx manual)
(/usr/local/texlive/2018/texmf-dist/tex/latex/base/report.cls
Document Class: report 2014/09/29 v1.4h Standard LaTeX document class
(/usr/local/texlive/2018/texmf-dist/tex/latex/base/size10.clo
File: size10.clo 2014/09/29 v1.4h Standard LaTeX file (size option)
)
\c@part=\count80
\c@chapter=\count81
\c@section=\count82
\c@subsection=\count83
\c@subsubsection=\count84
\c@paragraph=\count85
\c@subparagraph=\count86
\c@figure=\count87
\c@table=\count88
\abovecaptionskip=\skip41
\belowcaptionskip=\skip42
\bibindent=\dimen102
)
LaTeX Info: Redefining \and on input line 35.
)
(/usr/local/texlive/2018/texmf-dist/tex/latex/base/inputenc.sty
Package: inputenc 2018/04/06 v1.3b Input encoding file
\inpenc@prehook=\toks14
\inpenc@posthook=\toks15
)
   defining Unicode char U+00A0 (decimal 160)
   defining Unicode char U+2500 (decimal 9472)
   defining Unicode char U+2502 (decimal 9474)
   defining Unicode char U+2514 (decimal 9492)
   defining Unicode char U+251C (decimal 9500)
   defining Unicode char U+2572 (decimal 9586)

(/usr/local/texlive/2018/texmf-dist/tex/latex/cmap/cmap.sty
Package: cmap 2008/03/06 v1.0h CMap support: searchable PDF
)
(/usr/local/texlive/2018/texmf-dist/tex/latex/base/fontenc.sty
Package: fontenc 2017/04/05 v2.0i Standard LaTeX package

(/usr/local/texlive/2018/texmf-dist/tex/latex/base/t1enc.def
File: t1enc.def 2017/04/05 v2.0i Standard LaTeX file
LaTeX Font Info:    Redeclaring font encoding T1 on input line 48.
)<<t1.cmap>>)
(/usr/local/texlive/2018/texmf-dist/tex/latex/amsmath/amsmath.sty
Package: amsmath 2017/09/02 v2.17a AMS math features
\@mathmargin=\skip43

For additional information on amsmath, use the `?' option.
(/usr/local/texlive/2018/texmf-dist/tex/latex/amsmath/amstext.sty
Package: amstext 2000/06/29 v2.01 AMS text

(/usr/local/texlive/2018/texmf-dist/tex/latex/amsmath/amsgen.sty
File: amsgen.sty 1999/11/30 v2.0 generic functions
\@emptytoks=\toks16
\ex@=\dimen103
))
(/usr/local/texlive/2018/texmf-dist/tex/latex/amsmath/amsbsy.sty
Package: amsbsy 1999/11/29 v1.2d Bold Symbols
\pmbraise@=\dimen104
)
(/usr/local/texlive/2018/texmf-dist/tex/latex/amsmath/amsopn.sty
Package: amsopn 2016/03/08 v2.02 operator names
)
\inf@bad=\count89
LaTeX Info: Redefining \frac on input line 213.
\uproot@=\count90
\leftroot@=\count91
LaTeX Info: Redefining \overline on input line 375.
\classnum@=\count92
\DOTSCASE@=\count93
LaTeX Info: Redefining \ldots on input line 472.
LaTeX Info: Redefining \dots on input line 475.
LaTeX Info: Redefining \cdots on input line 596.
\Mathstrutbox@=\box26
\strutbox@=\box27
\big@size=\dimen105
LaTeX Font Info:    Redeclaring font encoding OML on input line 712.
LaTeX Font Info:    Redeclaring font encoding OMS on input line 713.
\macc@depth=\count94
\c@MaxMatrixCols=\count95
\dotsspace@=\muskip10
\c@parentequation=\count96
\dspbrk@lvl=\count97
\tag@help=\toks17
\row@=\count98
\column@=\count99
\maxfields@=\count100
\andhelp@=\toks18
\eqnshift@=\dimen106
\alignsep@=\dimen107
\tagshift@=\dimen108
\tagwidth@=\dimen109
\totwidth@=\dimen110
\lineht@=\dimen111
\@envbody=\toks19
\multlinegap=\skip44
\multlinetaggap=\skip45
\mathdisplay@stack=\toks20
LaTeX Info: Redefining \[ on input line 2817.
LaTeX Info: Redefining \] on input line 2818.
)
(/usr/local/texlive/2018/texmf-dist/tex/latex/amsfonts/amssymb.sty
Package: amssymb 2013/01/14 v3.01 AMS font symbols

(/usr/local/texlive/2018/texmf-dist/tex/latex/amsfonts/amsfonts.sty
Package: amsfonts 2013/01/14 v3.01 Basic AMSFonts support
\symAMSa=\mathgroup4
\symAMSb=\mathgroup5
LaTeX Font Info:    Overwriting math alphabet `\mathfrak' in version `bold'
(Font)                  U/euf/m/n --> U/euf/b/n on input line 106.
))
(/usr/local/texlive/2018/texmf-dist/tex/generic/babel/babel.sty
Package: babel 2018/02/14 3.18 The Babel package

(/usr/local/texlive/2018/texmf-dist/tex/generic/babel/switch.def
File: switch.def 2018/02/14 3.18 Babel switching mechanism
)
(/usr/local/texlive/2018/texmf-dist/tex/generic/babel-english/english.ldf
Language: english 2017/06/06 v3.3r English support from the babel system

(/usr/local/texlive/2018/texmf-dist/tex/generic/babel/babel.def
File: babel.def 2018/02/14 3.18 Babel common definitions
\babel@savecnt=\count101
\U@D=\dimen112

(/usr/local/texlive/2018/texmf-dist/tex/generic/babel/txtbabel.def)
\bbl@dirlevel=\count102
)
\l@canadian = a dialect from \language\l@american 
\l@australian = a dialect from \language\l@british 
\l@newzealand = a dialect from \language\l@british 
))
(/usr/local/texlive/2018/texmf-dist/tex/latex/psnfss/times.sty
Package: times 2005/04/12 PSNFSS-v9.2a (SPQR) 
)
(/usr/local/texlive/2018/texmf-dist/tex/latex/fncychap/fncychap.sty
Package: fncychap 2007/07/30 v1.34 LaTeX package (Revised chapters)
\RW=\skip46
\mylen=\skip47
\myhi=\skip48
\px=\skip49
\py=\skip50
\pyy=\skip51
\pxx=\skip52
\c@AlphaCnt=\count103
\c@AlphaDecCnt=\count104
)
(./sphinx.sty
Package: sphinx 2019/09/02 v2.3.0 LaTeX package (Sphinx markup)

(/usr/local/texlive/2018/texmf-dist/tex/generic/oberdiek/ltxcmds.sty
Package: ltxcmds 2016/05/16 v1.23 LaTeX kernel commands for general use (HO)
)
(/usr/local/texlive/2018/texmf-dist/tex/latex/graphics/graphicx.sty
Package: graphicx 2017/06/01 v1.1a Enhanced LaTeX Graphics (DPC,SPQR)

(/usr/local/texlive/2018/texmf-dist/tex/latex/graphics/keyval.sty
Package: keyval 2014/10/28 v1.15 key=value parser (DPC)
\KV@toks@=\toks21
)
(/usr/local/texlive/2018/texmf-dist/tex/latex/graphics/graphics.sty
Package: graphics 2017/06/25 v1.2c Standard LaTeX Graphics (DPC,SPQR)

(/usr/local/texlive/2018/texmf-dist/tex/latex/graphics/trig.sty
Package: trig 2016/01/03 v1.10 sin cos tan (DPC)
)
(/usr/local/texlive/2018/texmf-dist/tex/latex/graphics-cfg/graphics.cfg
File: graphics.cfg 2016/06/04 v1.11 sample graphics configuration
)
Package graphics Info: Driver file: pdftex.def on input line 99.

(/usr/local/texlive/2018/texmf-dist/tex/latex/graphics-def/pdftex.def
File: pdftex.def 2018/01/08 v1.0l Graphics/color driver for pdftex
))
\Gin@req@height=\dimen113
\Gin@req@width=\dimen114
)
(/usr/local/texlive/2018/texmf-dist/tex/latex/fancyhdr/fancyhdr.sty
Package: fancyhdr 2017/06/30 v3.9a Extensive control of page headers and footer
s
\f@nch@headwidth=\skip53
\f@nch@O@elh=\skip54
\f@nch@O@erh=\skip55
\f@nch@O@olh=\skip56
\f@nch@O@orh=\skip57
\f@nch@O@elf=\skip58
\f@nch@O@erf=\skip59
\f@nch@O@olf=\skip60
\f@nch@O@orf=\skip61
)
(/usr/local/texlive/2018/texmf-dist/tex/latex/base/textcomp.sty
Package: textcomp 2017/04/05 v2.0i Standard LaTeX package
Package textcomp Info: Sub-encoding information:
(textcomp)               5 = only ISO-Adobe without \textcurrency
(textcomp)               4 = 5 + \texteuro
(textcomp)               3 = 4 + \textohm
(textcomp)               2 = 3 + \textestimated + \textcurrency
(textcomp)               1 = TS1 - \textcircled - \t
(textcomp)               0 = TS1 (full)
(textcomp)             Font families with sub-encoding setting implement
(textcomp)             only a restricted character set as indicated.
(textcomp)             Family '?' is the default used for unknown fonts.
(textcomp)             See the documentation for details.
Package textcomp Info: Setting ? sub-encoding to TS1/1 on input line 79.

(/usr/local/texlive/2018/texmf-dist/tex/latex/base/ts1enc.def
File: ts1enc.def 2001/06/05 v3.0e (jk/car/fm) Standard LaTeX file
Now handling font encoding TS1 ...
... processing UTF-8 mapping file for font encoding TS1

(/usr/local/texlive/2018/texmf-dist/tex/latex/base/ts1enc.dfu
File: ts1enc.dfu 2018/04/05 v1.2c UTF-8 support for inputenc
   defining Unicode char U+00A2 (decimal 162)
   defining Unicode char U+00A3 (decimal 163)
   defining Unicode char U+00A4 (decimal 164)
   defining Unicode char U+00A5 (decimal 165)
   defining Unicode char U+00A6 (decimal 166)
   defining Unicode char U+00A7 (decimal 167)
   defining Unicode char U+00A8 (decimal 168)
   defining Unicode char U+00A9 (decimal 169)
   defining Unicode char U+00AA (decimal 170)
   defining Unicode char U+00AC (decimal 172)
   defining Unicode char U+00AE (decimal 174)
   defining Unicode char U+00AF (decimal 175)
   defining Unicode char U+00B0 (decimal 176)
   defining Unicode char U+00B1 (decimal 177)
   defining Unicode char U+00B2 (decimal 178)
   defining Unicode char U+00B3 (decimal 179)
   defining Unicode char U+00B4 (decimal 180)
   defining Unicode char U+00B5 (decimal 181)
   defining Unicode char U+00B6 (decimal 182)
   defining Unicode char U+00B7 (decimal 183)
   defining Unicode char U+00B9 (decimal 185)
   defining Unicode char U+00BA (decimal 186)
   defining Unicode char U+00BC (decimal 188)
   defining Unicode char U+00BD (decimal 189)
   defining Unicode char U+00BE (decimal 190)
   defining Unicode char U+00D7 (decimal 215)
   defining Unicode char U+00F7 (decimal 247)
   defining Unicode char U+0192 (decimal 402)
   defining Unicode char U+02C7 (decimal 711)
   defining Unicode char U+02D8 (decimal 728)
   defining Unicode char U+02DD (decimal 733)
   defining Unicode char U+0E3F (decimal 3647)
   defining Unicode char U+2016 (decimal 8214)
   defining Unicode char U+2020 (decimal 8224)
   defining Unicode char U+2021 (decimal 8225)
   defining Unicode char U+2022 (decimal 8226)
   defining Unicode char U+2030 (decimal 8240)
   defining Unicode char U+2031 (decimal 8241)
   defining Unicode char U+203B (decimal 8251)
   defining Unicode char U+203D (decimal 8253)
   defining Unicode char U+2044 (decimal 8260)
   defining Unicode char U+204E (decimal 8270)
   defining Unicode char U+2052 (decimal 8274)
   defining Unicode char U+20A1 (decimal 8353)
   defining Unicode char U+20A4 (decimal 8356)
   defining Unicode char U+20A6 (decimal 8358)
   defining Unicode char U+20A9 (decimal 8361)
   defining Unicode char U+20AB (decimal 8363)
   defining Unicode char U+20AC (decimal 8364)
   defining Unicode char U+20B1 (decimal 8369)
   defining Unicode char U+2103 (decimal 8451)
   defining Unicode char U+2116 (decimal 8470)
   defining Unicode char U+2117 (decimal 8471)
   defining Unicode char U+211E (decimal 8478)
   defining Unicode char U+2120 (decimal 8480)
   defining Unicode char U+2122 (decimal 8482)
   defining Unicode char U+2126 (decimal 8486)
   defining Unicode char U+2127 (decimal 8487)
   defining Unicode char U+212E (decimal 8494)
   defining Unicode char U+2190 (decimal 8592)
   defining Unicode char U+2191 (decimal 8593)
   defining Unicode char U+2192 (decimal 8594)
   defining Unicode char U+2193 (decimal 8595)
   defining Unicode char U+2329 (decimal 9001)
   defining Unicode char U+232A (decimal 9002)
   defining Unicode char U+2422 (decimal 9250)
   defining Unicode char U+25E6 (decimal 9702)
   defining Unicode char U+25EF (decimal 9711)
   defining Unicode char U+266A (decimal 9834)
   defining Unicode char U+FEFF (decimal 65279)
))
LaTeX Info: Redefining \oldstylenums on input line 334.
Package textcomp Info: Setting cmr sub-encoding to TS1/0 on input line 349.
Package textcomp Info: Setting cmss sub-encoding to TS1/0 on input line 350.
Package textcomp Info: Setting cmtt sub-encoding to TS1/0 on input line 351.
Package textcomp Info: Setting cmvtt sub-encoding to TS1/0 on input line 352.
Package textcomp Info: Setting cmbr sub-encoding to TS1/0 on input line 353.
Package textcomp Info: Setting cmtl sub-encoding to TS1/0 on input line 354.
Package textcomp Info: Setting ccr sub-encoding to TS1/0 on input line 355.
Package textcomp Info: Setting ptm sub-encoding to TS1/4 on input line 356.
Package textcomp Info: Setting pcr sub-encoding to TS1/4 on input line 357.
Package textcomp Info: Setting phv sub-encoding to TS1/4 on input line 358.
Package textcomp Info: Setting ppl sub-encoding to TS1/3 on input line 359.
Package textcomp Info: Setting pag sub-encoding to TS1/4 on input line 360.
Package textcomp Info: Setting pbk sub-encoding to TS1/4 on input line 361.
Package textcomp Info: Setting pnc sub-encoding to TS1/4 on input line 362.
Package textcomp Info: Setting pzc sub-encoding to TS1/4 on input line 363.
Package textcomp Info: Setting bch sub-encoding to TS1/4 on input line 364.
Package textcomp Info: Setting put sub-encoding to TS1/5 on input line 365.
Package textcomp Info: Setting uag sub-encoding to TS1/5 on input line 366.
Package textcomp Info: Setting ugq sub-encoding to TS1/5 on input line 367.
Package textcomp Info: Setting ul8 sub-encoding to TS1/4 on input line 368.
Package textcomp Info: Setting ul9 sub-encoding to TS1/4 on input line 369.
Package textcomp Info: Setting augie sub-encoding to TS1/5 on input line 370.
Package textcomp Info: Setting dayrom sub-encoding to TS1/3 on input line 371.
Package textcomp Info: Setting dayroms sub-encoding to TS1/3 on input line 372.

Package textcomp Info: Setting pxr sub-encoding to TS1/0 on input line 373.
Package textcomp Info: Setting pxss sub-encoding to TS1/0 on input line 374.
Package textcomp Info: Setting pxtt sub-encoding to TS1/0 on input line 375.
Package textcomp Info: Setting txr sub-encoding to TS1/0 on input line 376.
Package textcomp Info: Setting txss sub-encoding to TS1/0 on input line 377.
Package textcomp Info: Setting txtt sub-encoding to TS1/0 on input line 378.
Package textcomp Info: Setting lmr sub-encoding to TS1/0 on input line 379.
Package textcomp Info: Setting lmdh sub-encoding to TS1/0 on input line 380.
Package textcomp Info: Setting lmss sub-encoding to TS1/0 on input line 381.
Package textcomp Info: Setting lmssq sub-encoding to TS1/0 on input line 382.
Package textcomp Info: Setting lmvtt sub-encoding to TS1/0 on input line 383.
Package textcomp Info: Setting lmtt sub-encoding to TS1/0 on input line 384.
Package textcomp Info: Setting qhv sub-encoding to TS1/0 on input line 385.
Package textcomp Info: Setting qag sub-encoding to TS1/0 on input line 386.
Package textcomp Info: Setting qbk sub-encoding to TS1/0 on input line 387.
Package textcomp Info: Setting qcr sub-encoding to TS1/0 on input line 388.
Package textcomp Info: Setting qcs sub-encoding to TS1/0 on input line 389.
Package textcomp Info: Setting qpl sub-encoding to TS1/0 on input line 390.
Package textcomp Info: Setting qtm sub-encoding to TS1/0 on input line 391.
Package textcomp Info: Setting qzc sub-encoding to TS1/0 on input line 392.
Package textcomp Info: Setting qhvc sub-encoding to TS1/0 on input line 393.
Package textcomp Info: Setting futs sub-encoding to TS1/4 on input line 394.
Package textcomp Info: Setting futx sub-encoding to TS1/4 on input line 395.
Package textcomp Info: Setting futj sub-encoding to TS1/4 on input line 396.
Package textcomp Info: Setting hlh sub-encoding to TS1/3 on input line 397.
Package textcomp Info: Setting hls sub-encoding to TS1/3 on input line 398.
Package textcomp Info: Setting hlst sub-encoding to TS1/3 on input line 399.
Package textcomp Info: Setting hlct sub-encoding to TS1/5 on input line 400.
Package textcomp Info: Setting hlx sub-encoding to TS1/5 on input line 401.
Package textcomp Info: Setting hlce sub-encoding to TS1/5 on input line 402.
Package textcomp Info: Setting hlcn sub-encoding to TS1/5 on input line 403.
Package textcomp Info: Setting hlcw sub-encoding to TS1/5 on input line 404.
Package textcomp Info: Setting hlcf sub-encoding to TS1/5 on input line 405.
Package textcomp Info: Setting pplx sub-encoding to TS1/3 on input line 406.
Package textcomp Info: Setting pplj sub-encoding to TS1/3 on input line 407.
Package textcomp Info: Setting ptmx sub-encoding to TS1/4 on input line 408.
Package textcomp Info: Setting ptmj sub-encoding to TS1/4 on input line 409.
)
(/usr/local/texlive/2018/texmf-dist/tex/latex/titlesec/titlesec.sty
Package: titlesec 2016/03/21 v2.10.2 Sectioning titles
\ttl@box=\box28
\beforetitleunit=\skip62
\aftertitleunit=\skip63
\ttl@plus=\dimen115
\ttl@minus=\dimen116
\ttl@toksa=\toks22
\titlewidth=\dimen117
\titlewidthlast=\dimen118
\titlewidthfirst=\dimen119
)
(/usr/local/texlive/2018/texmf-dist/tex/latex/tabulary/tabulary.sty
Package: tabulary 2014/06/11 v0.10 tabulary package (DPC)

(/usr/local/texlive/2018/texmf-dist/tex/latex/tools/array.sty
Package: array 2018/04/07 v2.4g Tabular extension package (FMi)
\col@sep=\dimen120
\ar@mcellbox=\box29
\extrarowheight=\dimen121
\NC@list=\toks23
\extratabsurround=\skip64
\backup@length=\skip65
\ar@cellbox=\box30
)
\TY@count=\count105
\TY@linewidth=\dimen122
\tymin=\dimen123
\tymax=\dimen124
\TY@tablewidth=\dimen125
)
(/usr/local/texlive/2018/texmf-dist/tex/latex/tools/longtable.sty
Package: longtable 2014/10/28 v4.11 Multi-page Table package (DPC)
\LTleft=\skip66
\LTright=\skip67
\LTpre=\skip68
\LTpost=\skip69
\LTchunksize=\count106
\LTcapwidth=\dimen126
\LT@head=\box31
\LT@firsthead=\box32
\LT@foot=\box33
\LT@lastfoot=\box34
\LT@cols=\count107
\LT@rows=\count108
\c@LT@tables=\count109
\c@LT@chunks=\count110
\LT@p@ftn=\toks24
)
(/usr/local/texlive/2018/texmf-dist/tex/latex/varwidth/varwidth.sty
Package: varwidth 2009/03/30 ver 0.92;  Variable-width minipages
\@vwid@box=\box35
\sift@deathcycles=\count111
\@vwid@loff=\dimen127
\@vwid@roff=\dimen128
)
(./sphinxmulticell.sty
Package: sphinxmulticell 2017/02/23 v1.6 better span rows and columns of a tabl
e (Sphinx team)
\sphinx@TY@tablewidth=\dimen129
)
(/usr/local/texlive/2018/texmf-dist/tex/latex/base/makeidx.sty
Package: makeidx 2014/09/29 v1.0m Standard LaTeX package
)
(/usr/local/texlive/2018/texmf-dist/tex/latex/framed/framed.sty
Package: framed 2011/10/22 v 0.96: framed or shaded text with page breaks
\OuterFrameSep=\skip70
\fb@frw=\dimen130
\fb@frh=\dimen131
\FrameRule=\dimen132
\FrameSep=\dimen133
)
(/usr/local/texlive/2018/texmf-dist/tex/latex/xcolor/xcolor.sty
Package: xcolor 2016/05/11 v2.12 LaTeX color extensions (UK)

(/usr/local/texlive/2018/texmf-dist/tex/latex/graphics-cfg/color.cfg
File: color.cfg 2016/01/02 v1.6 sample color configuration
)
Package xcolor Info: Driver file: pdftex.def on input line 225.
Package xcolor Info: Model `cmy' substituted by `cmy0' on input line 1348.
Package xcolor Info: Model `hsb' substituted by `rgb' on input line 1352.
Package xcolor Info: Model `RGB' extended on input line 1364.
Package xcolor Info: Model `HTML' substituted by `rgb' on input line 1366.
Package xcolor Info: Model `Hsb' substituted by `hsb' on input line 1367.
Package xcolor Info: Model `tHsb' substituted by `hsb' on input line 1368.
Package xcolor Info: Model `HSB' substituted by `hsb' on input line 1369.
Package xcolor Info: Model `Gray' substituted by `gray' on input line 1370.
Package xcolor Info: Model `wave' substituted by `hsb' on input line 1371.
)
(/usr/local/texlive/2018/texmf-dist/tex/latex/fancyvrb/fancyvrb.sty
Package: fancyvrb 2008/02/07

Style option: `fancyvrb' v2.7a, with DG/SPQR fixes, and firstline=lastline fix 
<2008/02/07> (tvz)
\FV@CodeLineNo=\count112
\FV@InFile=\read1
\FV@TabBox=\box36
\c@FancyVerbLine=\count113
\FV@StepNumber=\count114
\FV@OutFile=\write3
) (./footnotehyper-sphinx.sty
Package: footnotehyper-sphinx 2017/10/27 v1.7 hyperref aware footnote.sty for s
phinx (JFB)
\FNH@notes=\box37
\FNH@width=\dimen134
)
(/usr/local/texlive/2018/texmf-dist/tex/latex/float/float.sty
Package: float 2001/11/08 v1.3d Float enhancements (AL)
\c@float@type=\count115
\float@exts=\toks25
\float@box=\box38
\@float@everytoks=\toks26
\@floatcapt=\box39
)
(/usr/local/texlive/2018/texmf-dist/tex/latex/wrapfig/wrapfig.sty
\wrapoverhang=\dimen135
\WF@size=\dimen136
\c@WF@wrappedlines=\count116
\WF@box=\box40
\WF@everypar=\toks27
Package: wrapfig 2003/01/31  v 3.6
)
(/usr/local/texlive/2018/texmf-dist/tex/latex/parskip/parskip.sty
Package: parskip 2001/04/09 non-zero parskip adjustments
)
(/usr/local/texlive/2018/texmf-dist/tex/latex/base/alltt.sty
Package: alltt 1997/06/16 v2.0g defines alltt environment
)
(/usr/local/texlive/2018/texmf-dist/tex/latex/upquote/upquote.sty
Package: upquote 2012/04/19 v1.3 upright-quote and grave-accent glyphs in verba
tim
)
(/usr/local/texlive/2018/texmf-dist/tex/latex/capt-of/capt-of.sty
Package: capt-of 2009/12/29 v0.2 standard captions outside of floats
)
(/usr/local/texlive/2018/texmf-dist/tex/latex/needspace/needspace.sty
Package: needspace 2010/09/12 v1.3d reserve vertical space
)
(./sphinxhighlight.sty
Package: sphinxhighlight 2016/05/29 stylesheet for highlighting with pygments
)
(/usr/local/texlive/2018/texmf-dist/tex/latex/oberdiek/kvoptions.sty
Package: kvoptions 2016/05/16 v3.12 Key value format for package options (HO)

(/usr/local/texlive/2018/texmf-dist/tex/generic/oberdiek/kvsetkeys.sty
Package: kvsetkeys 2016/05/16 v1.17 Key value parser (HO)

(/usr/local/texlive/2018/texmf-dist/tex/generic/oberdiek/infwarerr.sty
Package: infwarerr 2016/05/16 v1.4 Providing info/warning/error messages (HO)
)
(/usr/local/texlive/2018/texmf-dist/tex/generic/oberdiek/etexcmds.sty
Package: etexcmds 2016/05/16 v1.6 Avoid name clashes with e-TeX commands (HO)

(/usr/local/texlive/2018/texmf-dist/tex/generic/oberdiek/ifluatex.sty
Package: ifluatex 2016/05/16 v1.4 Provides the ifluatex switch (HO)
Package ifluatex Info: LuaTeX not detected.
)
Package etexcmds Info: Could not find \expanded.
(etexcmds)             That can mean that you are not using pdfTeX 1.50 or
(etexcmds)             that some package has redefined \expanded.
(etexcmds)             In the latter case, load this package earlier.
)))
\sphinxverbatimsep=\dimen137
\sphinxverbatimborder=\dimen138
\sphinxshadowsep=\dimen139
\sphinxshadowsize=\dimen140
\sphinxshadowrule=\dimen141
\spx@notice@border=\dimen142
\spx@image@maxheight=\dimen143
\spx@image@box=\dimen144
\c@literalblock=\count117
\sphinxcontinuationbox=\box41
\sphinxvisiblespacebox=\box42
\sphinxVerbatim@TitleBox=\box43
\sphinxVerbatim@ContentsBox=\box44
\py@argswidth=\skip71
\lineblockindentation=\skip72
\DUlineblockindent=\skip73
)
(/usr/local/texlive/2018/texmf-dist/tex/latex/geometry/geometry.sty
Package: geometry 2018/03/24 v5.7 Page Geometry

(/usr/local/texlive/2018/texmf-dist/tex/generic/oberdiek/ifpdf.sty
Package: ifpdf 2017/03/15 v3.2 Provides the ifpdf switch
)
(/usr/local/texlive/2018/texmf-dist/tex/generic/oberdiek/ifvtex.sty
Package: ifvtex 2016/05/16 v1.6 Detect VTeX and its facilities (HO)
Package ifvtex Info: VTeX not detected.
)
(/usr/local/texlive/2018/texmf-dist/tex/generic/ifxetex/ifxetex.sty
Package: ifxetex 2010/09/12 v0.6 Provides ifxetex conditional
)
\Gm@cnth=\count118
\Gm@cntv=\count119
\c@Gm@tempcnt=\count120
\Gm@bindingoffset=\dimen145
\Gm@wd@mp=\dimen146
\Gm@odd@mp=\dimen147
\Gm@even@mp=\dimen148
\Gm@layoutwidth=\dimen149
\Gm@layoutheight=\dimen150
\Gm@layouthoffset=\dimen151
\Gm@layoutvoffset=\dimen152
\Gm@dimlist=\toks28
)
(/usr/local/texlive/2018/texmf-dist/tex/latex/hyperref/hyperref.sty
Package: hyperref 2018/02/06 v6.86b Hypertext links for LaTeX

(/usr/local/texlive/2018/texmf-dist/tex/generic/oberdiek/hobsub-hyperref.sty
Package: hobsub-hyperref 2016/05/16 v1.14 Bundle oberdiek, subset hyperref (HO)


(/usr/local/texlive/2018/texmf-dist/tex/generic/oberdiek/hobsub-generic.sty
Package: hobsub-generic 2016/05/16 v1.14 Bundle oberdiek, subset generic (HO)
Package: hobsub 2016/05/16 v1.14 Construct package bundles (HO)
Package hobsub Info: Skipping package `infwarerr' (already loaded).
Package hobsub Info: Skipping package `ltxcmds' (already loaded).
Package hobsub Info: Skipping package `ifluatex' (already loaded).
Package hobsub Info: Skipping package `ifvtex' (already loaded).
Package: intcalc 2016/05/16 v1.2 Expandable calculations with integers (HO)
Package hobsub Info: Skipping package `ifpdf' (already loaded).
Package hobsub Info: Skipping package `etexcmds' (already loaded).
Package hobsub Info: Skipping package `kvsetkeys' (already loaded).
Package: kvdefinekeys 2016/05/16 v1.4 Define keys (HO)
Package: pdftexcmds 2018/01/30 v0.27 Utility functions of pdfTeX for LuaTeX (HO
)
Package pdftexcmds Info: LuaTeX not detected.
Package pdftexcmds Info: \pdf@primitive is available.
Package pdftexcmds Info: \pdf@ifprimitive is available.
Package pdftexcmds Info: \pdfdraftmode found.
Package: pdfescape 2016/05/16 v1.14 Implements pdfTeX's escape features (HO)
Package: bigintcalc 2016/05/16 v1.4 Expandable calculations on big integers (HO
)
Package: bitset 2016/05/16 v1.2 Handle bit-vector datatype (HO)
Package: uniquecounter 2016/05/16 v1.3 Provide unlimited unique counter (HO)
)
Package hobsub Info: Skipping package `hobsub' (already loaded).
Package: letltxmacro 2016/05/16 v1.5 Let assignment for LaTeX macros (HO)
Package: hopatch 2016/05/16 v1.3 Wrapper for package hooks (HO)
Package: xcolor-patch 2016/05/16 xcolor patch
Package: atveryend 2016/05/16 v1.9 Hooks at the very end of document (HO)
Package atveryend Info: \enddocument detected (standard20110627).
Package: atbegshi 2016/06/09 v1.18 At begin shipout hook (HO)
Package: refcount 2016/05/16 v3.5 Data extraction from label references (HO)
Package: hycolor 2016/05/16 v1.8 Color options for hyperref/bookmark (HO)
)
(/usr/local/texlive/2018/texmf-dist/tex/latex/oberdiek/auxhook.sty
Package: auxhook 2016/05/16 v1.4 Hooks for auxiliary files (HO)
)
\@linkdim=\dimen153
\Hy@linkcounter=\count121
\Hy@pagecounter=\count122

(/usr/local/texlive/2018/texmf-dist/tex/latex/hyperref/pd1enc.def
File: pd1enc.def 2018/02/06 v6.86b Hyperref: PDFDocEncoding definition (HO)
Now handling font encoding PD1 ...
... no UTF-8 mapping file for font encoding PD1
)
\Hy@SavedSpaceFactor=\count123

(/usr/local/texlive/2018/texmf-dist/tex/latex/latexconfig/hyperref.cfg
File: hyperref.cfg 2002/06/06 v1.2 hyperref configuration of TeXLive
)
Package hyperref Info: Option `unicode' set `true' on input line 4383.

(/usr/local/texlive/2018/texmf-dist/tex/latex/hyperref/puenc.def
File: puenc.def 2018/02/06 v6.86b Hyperref: PDF Unicode definition (HO)
Now handling font encoding PU ...
... no UTF-8 mapping file for font encoding PU
)
Package hyperref Info: Option `colorlinks' set `true' on input line 4383.
Package hyperref Info: Option `breaklinks' set `true' on input line 4383.
Package hyperref Info: Hyper figures OFF on input line 4509.
Package hyperref Info: Link nesting OFF on input line 4514.
Package hyperref Info: Hyper index ON on input line 4517.
Package hyperref Info: Plain pages OFF on input line 4524.
Package hyperref Info: Backreferencing OFF on input line 4529.
Package hyperref Info: Implicit mode ON; LaTeX internals redefined.
Package hyperref Info: Bookmarks ON on input line 4762.
\c@Hy@tempcnt=\count124

(/usr/local/texlive/2018/texmf-dist/tex/latex/url/url.sty
\Urlmuskip=\muskip11
Package: url 2013/09/16  ver 3.4  Verb mode for urls, etc.
)
LaTeX Info: Redefining \url on input line 5115.
\XeTeXLinkMargin=\dimen154
\Fld@menulength=\count125
\Field@Width=\dimen155
\Fld@charsize=\dimen156
Package hyperref Info: Hyper figures OFF on input line 6369.
Package hyperref Info: Link nesting OFF on input line 6374.
Package hyperref Info: Hyper index ON on input line 6377.
Package hyperref Info: backreferencing OFF on input line 6384.
Package hyperref Info: Link coloring ON on input line 6387.
Package hyperref Info: Link coloring with OCG OFF on input line 6394.
Package hyperref Info: PDF/A mode OFF on input line 6399.
LaTeX Info: Redefining \ref on input line 6439.
LaTeX Info: Redefining \pageref on input line 6443.
\Hy@abspage=\count126
\c@Item=\count127
\c@Hfootnote=\count128
)
Package hyperref Info: Driver (autodetected): hpdftex.

(/usr/local/texlive/2018/texmf-dist/tex/latex/hyperref/hpdftex.def
File: hpdftex.def 2018/02/06 v6.86b Hyperref driver for pdfTeX
\Fld@listcount=\count129
\c@bookmark@seq@number=\count130

(/usr/local/texlive/2018/texmf-dist/tex/latex/oberdiek/rerunfilecheck.sty
Package: rerunfilecheck 2016/05/16 v1.8 Rerun checks for auxiliary files (HO)
Package uniquecounter Info: New unique counter `rerunfilecheck' on input line 2
82.
)
\Hy@SectionHShift=\skip74
)
(/usr/local/texlive/2018/texmf-dist/tex/latex/oberdiek/hypcap.sty
Package: hypcap 2016/05/16 v1.12 Adjusting the anchors of captions (HO)
)
(./sphinxmessages.sty
Package: sphinxmessages 2019/01/04 v2.0 Localized LaTeX macros (Sphinx team)
)
\@indexfile=\write4
\openout4 = `InfraPy.idx'.


Writing index file InfraPy.idx
(./InfraPy.aux)
\openout1 = `InfraPy.aux'.

LaTeX Font Info:    Checking defaults for OML/cmm/m/it on input line 81.
LaTeX Font Info:    ... okay on input line 81.
LaTeX Font Info:    Checking defaults for T1/cmr/m/n on input line 81.
LaTeX Font Info:    ... okay on input line 81.
LaTeX Font Info:    Checking defaults for OT1/cmr/m/n on input line 81.
LaTeX Font Info:    ... okay on input line 81.
LaTeX Font Info:    Checking defaults for OMS/cmsy/m/n on input line 81.
LaTeX Font Info:    ... okay on input line 81.
LaTeX Font Info:    Checking defaults for OMX/cmex/m/n on input line 81.
LaTeX Font Info:    ... okay on input line 81.
LaTeX Font Info:    Checking defaults for U/cmr/m/n on input line 81.
LaTeX Font Info:    ... okay on input line 81.
LaTeX Font Info:    Checking defaults for TS1/cmr/m/n on input line 81.
LaTeX Font Info:    Try loading font information for TS1+cmr on input line 81.
 (/usr/local/texlive/2018/texmf-dist/tex/latex/base/ts1cmr.fd
File: ts1cmr.fd 2014/09/29 v2.5h Standard LaTeX font definitions
)
LaTeX Font Info:    ... okay on input line 81.
LaTeX Font Info:    Checking defaults for PD1/pdf/m/n on input line 81.
LaTeX Font Info:    ... okay on input line 81.
LaTeX Font Info:    Checking defaults for PU/pdf/m/n on input line 81.
LaTeX Font Info:    ... okay on input line 81.
LaTeX Font Info:    Try loading font information for T1+ptm on input line 81.

(/usr/local/texlive/2018/texmf-dist/tex/latex/psnfss/t1ptm.fd
File: t1ptm.fd 2001/06/04 font definitions for T1/ptm.
)
(/usr/local/texlive/2018/texmf-dist/tex/context/base/mkii/supp-pdf.mkii
[Loading MPS to PDF converter (version 2006.09.02).]
\scratchcounter=\count131
\scratchdimen=\dimen157
\scratchbox=\box45
\nofMPsegments=\count132
\nofMParguments=\count133
\everyMPshowfont=\toks29
\MPscratchCnt=\count134
\MPscratchDim=\dimen158
\MPnumerator=\count135
\makeMPintoPDFobject=\count136
\everyMPtoPDFconversion=\toks30
) (/usr/local/texlive/2018/texmf-dist/tex/latex/oberdiek/epstopdf-base.sty
Package: epstopdf-base 2016/05/15 v2.6 Base part for package epstopdf

(/usr/local/texlive/2018/texmf-dist/tex/latex/oberdiek/grfext.sty
Package: grfext 2016/05/16 v1.2 Manage graphics extensions (HO)
)
Package epstopdf-base Info: Redefining graphics rule for `.eps' on input line 4
38.
Package grfext Info: Graphics extension search list:
(grfext)             [.pdf,.png,.jpg,.mps,.jpeg,.jbig2,.jb2,.PDF,.PNG,.JPG,.JPE
G,.JBIG2,.JB2,.eps]
(grfext)             \AppendGraphicsExtensions on input line 456.

(/usr/local/texlive/2018/texmf-dist/tex/latex/latexconfig/epstopdf-sys.cfg
File: epstopdf-sys.cfg 2010/07/13 v1.3 Configuration of (r)epstopdf for TeX Liv
e
))
*geometry* driver: auto-detecting
*geometry* detected driver: pdftex
*geometry* verbose mode - [ preamble ] result:
* driver: pdftex
* paper: letterpaper
* layout: <same size as paper>
* layoutoffset:(h,v)=(0.0pt,0.0pt)
* modes: twoside 
* h-part:(L,W,R)=(72.26999pt, 469.75502pt, 72.26999pt)
* v-part:(T,H,B)=(72.26999pt, 650.43001pt, 72.26999pt)
* \paperwidth=614.295pt
* \paperheight=794.96999pt
* \textwidth=469.75502pt
* \textheight=650.43001pt
* \oddsidemargin=0.0pt
* \evensidemargin=0.0pt
* \topmargin=-37.0pt
* \headheight=12.0pt
* \headsep=25.0pt
* \topskip=10.0pt
* \footskip=30.0pt
* \marginparwidth=36.135pt
* \marginparsep=11.0pt
* \columnsep=10.0pt
* \skip\footins=9.0pt plus 4.0pt minus 2.0pt
* \hoffset=0.0pt
* \voffset=0.0pt
* \mag=1000
* \@twocolumnfalse
* \@twosidetrue
* \@mparswitchtrue
* \@reversemarginfalse
* (1in=72.27pt=25.4mm, 1cm=28.453pt)

\AtBeginShipoutBox=\box46
Package hyperref Info: Link coloring ON on input line 81.
(/usr/local/texlive/2018/texmf-dist/tex/latex/hyperref/nameref.sty
Package: nameref 2016/05/21 v2.44 Cross-referencing by name of section

(/usr/local/texlive/2018/texmf-dist/tex/generic/oberdiek/gettitlestring.sty
Package: gettitlestring 2016/05/16 v1.5 Cleanup title references (HO)
)
\c@section@level=\count137
)
LaTeX Info: Redefining \ref on input line 81.
LaTeX Info: Redefining \pageref on input line 81.
LaTeX Info: Redefining \nameref on input line 81.

(./InfraPy.out) (./InfraPy.out)
\@outlinefile=\write5
\openout5 = `InfraPy.out'.

Package hyperref Info: Option `pageanchor' set `false' on input line 84.
LaTeX Font Info:    Try loading font information for T1+phv on input line 84.

(/usr/local/texlive/2018/texmf-dist/tex/latex/psnfss/t1phv.fd
File: t1phv.fd 2001/06/04 scalable font definitions for T1/phv.
)
LaTeX Font Info:    Font shape `T1/phv/bx/n' in size <10> not available
(Font)              Font shape `T1/phv/b/n' tried instead on input line 84.
LaTeX Font Info:    Font shape `T1/phv/bx/n' in size <24.88> not available
(Font)              Font shape `T1/phv/b/n' tried instead on input line 84.
LaTeX Font Info:    Font shape `T1/phv/bx/it' in size <10> not available
(Font)              Font shape `T1/phv/b/it' tried instead on input line 84.
LaTeX Font Info:    Font shape `T1/phv/b/it' in size <10> not available
(Font)              Font shape `T1/phv/b/sl' tried instead on input line 84.
LaTeX Font Info:    Font shape `T1/phv/bx/it' in size <17.28> not available
(Font)              Font shape `T1/phv/b/it' tried instead on input line 84.
LaTeX Font Info:    Font shape `T1/phv/b/it' in size <17.28> not available
(Font)              Font shape `T1/phv/b/sl' tried instead on input line 84.
LaTeX Font Info:    Font shape `T1/phv/bx/n' in size <17.28> not available
(Font)              Font shape `T1/phv/b/n' tried instead on input line 84.
<<ot1.cmap>><<oml.cmap>><<oms.cmap>><<omx.cmap>>
LaTeX Font Info:    Try loading font information for U+msa on input line 84.

(/usr/local/texlive/2018/texmf-dist/tex/latex/amsfonts/umsa.fd
File: umsa.fd 2013/01/14 v3.01 AMS symbols A
)
LaTeX Font Info:    Try loading font information for U+msb on input line 84.

(/usr/local/texlive/2018/texmf-dist/tex/latex/amsfonts/umsb.fd
File: umsb.fd 2013/01/14 v3.01 AMS symbols B
)
LaTeX Font Info:    Font shape `T1/phv/bx/n' in size <12> not available
(Font)              Font shape `T1/phv/b/n' tried instead on input line 84.
 [1

{/usr/local/texlive/2018/texmf-var/fonts/map/pdftex/updmap/pdftex.map}] [2


]
LaTeX Font Info:    Font shape `T1/phv/bx/n' in size <14.4> not available
(Font)              Font shape `T1/phv/b/n' tried instead on input line 86.
 (./InfraPy.toc
LaTeX Font Info:    Font shape `T1/ptm/bx/n' in size <10> not available
(Font)              Font shape `T1/ptm/b/n' tried instead on input line 2.

[1

])
\tf@toc=\write6
\openout6 = `InfraPy.toc'.

 [2]
Chapter 1.
<infrapy.png, id=435, 1714.2444pt x 1120.9077pt>
LaTeX Font Info:    Try loading font information for T1+pcr on input line 98.
(/usr/local/texlive/2018/texmf-dist/tex/latex/psnfss/t1pcr.fd
File: t1pcr.fd 2001/06/04 font definitions for T1/pcr.
)
File: infrapy.png Graphic file (type png)
<use infrapy.png>
Package pdftex.def Info: infrapy.png  used on input line 98.
(pdftex.def)             Requested size: 469.75769pt x 307.16449pt.
 [1


 <./infrapy.png>] [2] [3] [4]
LaTeX Font Info:    Try loading font information for TS1+ptm on input line 366.

 (/usr/local/texlive/2018/texmf-dist/tex/latex/psnfss/ts1ptm.fd
File: ts1ptm.fd 2001/06/04 font definitions for TS1/ptm.
) [5] [6]
<AFD.png, id=481, 331.2375pt x 224.33812pt>
File: AFD.png Graphic file (type png)
<use AFD.png>
Package pdftex.def Info: AFD.png  used on input line 456.
(pdftex.def)             Requested size: 331.23668pt x 224.33757pt.
 [7 <./AFD.png>]
<detection_data_flow.png, id=493, 472.76625pt x 251.94125pt>
File: detection_data_flow.png Graphic file (type png)
<use detection_data_flow.png>
Package pdftex.def Info: detection_data_flow.png  used on input line 519.
(pdftex.def)             Requested size: 469.76413pt x 250.33754pt.
 [8]
<association_data_flow.png, id=499, 464.73625pt x 247.92625pt>
File: association_data_flow.png Graphic file (type png)
<use association_data_flow.png>
Package pdftex.def Info: association_data_flow.png  used on input line 524.
(pdftex.def)             Requested size: 464.7351pt x 247.92564pt.
 [9 <./detection_data_flow.png> <./association_data_flow.png>]
<localization_data_flow.png, id=507, 464.73625pt x 248.93pt>
File: localization_data_flow.png Graphic file (type png)
<use localization_data_flow.png>
Package pdftex.def Info: localization_data_flow.png  used on input line 529.
(pdftex.def)             Requested size: 464.7351pt x 248.92938pt.
 [10 <./localization_data_flow.png>] [11]
Underfull \vbox (badness 10000) detected at line 696
 []


Overfull \vbox (2.68169pt too high) detected at line 696
 []

[12]
File: AFD.png Graphic file (type png)
<use AFD.png>
Package pdftex.def Info: AFD.png  used on input line 710.
(pdftex.def)             Requested size: 331.23668pt x 224.33757pt.
 [13] [14]
<FKres_Fval.png, id=540, 1734.48pt x 433.62pt>
File: FKres_Fval.png Graphic file (type png)
<use FKres_Fval.png>
Package pdftex.def Info: FKres_Fval.png  used on input line 799.
(pdftex.def)             Requested size: 469.74503pt x 117.43625pt.
<FKres_trcvel.png, id=541, 1734.48pt x 433.62pt>
File: FKres_trcvel.png Graphic file (type png)
<use FKres_trcvel.png>
Package pdftex.def Info: FKres_trcvel.png  used on input line 801.
(pdftex.def)             Requested size: 469.74503pt x 117.43625pt.
<FKres_bz.png, id=542, 1734.48pt x 433.62pt>
File: FKres_bz.png Graphic file (type png)
<use FKres_bz.png>
Package pdftex.def Info: FKres_bz.png  used on input line 803.
(pdftex.def)             Requested size: 469.74503pt x 117.43625pt.
 [15 <./FKres_Fval.png> <./FKres_trcvel.png> <./FKres_bz.png>]
[16] [17]
LaTeX Font Info:    Font shape `T1/pcr/bx/n' in size <10> not available
(Font)              Font shape `T1/pcr/b/n' tried instead on input line 978.

Underfull \hbox (badness 10000) in paragraph at lines 978--978
[]\T1/ptm/m/it/10 det_list\T1/ptm/m/n/10 , \T1/ptm/m/it/10 bm_width=10.0\T1/ptm
/m/n/10 ,
 []


Underfull \hbox (badness 10000) in paragraph at lines 978--978
\T1/ptm/m/it/10 rng_max=10005.97260168349\T1/ptm/m/n/10 ,
 []


Underfull \hbox (badness 10000) in paragraph at lines 978--978
\T1/ptm/m/it/10 rad_min=100.0\T1/ptm/m/n/10 , \T1/ptm/m/it/10 rad_max=1000.0\T1
/ptm/m/n/10 ,
 []


Underfull \hbox (badness 10000) in paragraph at lines 1019--1019
[]\T1/ptm/m/it/10 distance_matrix\T1/ptm/m/n/10 , \T1/ptm/m/it/10 thresh-old\T1
/ptm/m/n/10 , \T1/ptm/m/it/10 link-age_method=\TS1/ptm/m/it/10 '\T1/ptm/m/it/10
 weighted\TS1/ptm/m/it/10 '\T1/ptm/m/n/10 ,
 []


Underfull \hbox (badness 10000) in paragraph at lines 1019--1019
\T1/ptm/m/it/10 show_result=False\T1/ptm/m/n/10 , \T1/ptm/m/it/10 file_id=None\
T1/ptm/m/n/10 , \T1/ptm/m/it/10 den_label_size=9\T1/ptm/m/n/10 ,
 []


Underfull \hbox (badness 10000) in paragraph at lines 1071--1071
[]\T1/ptm/m/it/10 det1\T1/ptm/m/n/10 , \T1/ptm/m/it/10 det2\T1/ptm/m/n/10 , \T1
/ptm/m/it/10 bm_width=10.0\T1/ptm/m/n/10 ,
 []


Underfull \hbox (badness 10000) in paragraph at lines 1071--1071
\T1/ptm/m/it/10 rng_max=10005.97260168349\T1/ptm/m/n/10 ,
 []

[18]
Underfull \hbox (badness 10000) in paragraph at lines 1122--1122
[]\T1/ptm/m/it/10 det_list\T1/ptm/m/n/10 , \T1/ptm/m/it/10 thresh-old\T1/ptm/m/
n/10 , \T1/ptm/m/it/10 dist_max=10.0\T1/ptm/m/n/10 , \T1/ptm/m/it/10 bm_width=1
0.0\T1/ptm/m/n/10 ,
 []


Underfull \hbox (badness 10000) in paragraph at lines 1122--1122
\T1/ptm/m/it/10 resol=180\T1/ptm/m/n/10 , \T1/ptm/m/it/10 show_result=None\T1/p
tm/m/n/10 , \T1/ptm/m/it/10 file_id=None\T1/ptm/m/n/10 , \T1/ptm/m/it/10 link-
 []


Underfull \hbox (badness 10000) in paragraph at lines 1122--1122
\T1/ptm/m/it/10 age_method=\TS1/ptm/m/it/10 '\T1/ptm/m/it/10 weighted\TS1/ptm/m
/it/10 '\T1/ptm/m/n/10 , \T1/ptm/m/it/10 trim-ming_thresh=None\T1/ptm/m/n/10 ,
 []

[19]
Underfull \hbox (badness 10000) in paragraph at lines 1183--1183
[]\T1/ptm/m/it/10 det1\T1/ptm/m/n/10 , \T1/ptm/m/it/10 det2\T1/ptm/m/n/10 , \T1
/ptm/m/it/10 bm_width=10.0\T1/ptm/m/n/10 ,
 []


Underfull \hbox (badness 10000) in paragraph at lines 1183--1183
\T1/ptm/m/it/10 rng_max=10005.97260168349\T1/ptm/m/n/10 , \T1/ptm/m/it/10 rad_m
in=100.0\T1/ptm/m/n/10 ,
 []


Underfull \hbox (badness 10000) in paragraph at lines 1252--1252
[]\T1/ptm/m/it/10 labels\T1/ptm/m/n/10 , \T1/ptm/m/it/10 dis-tance_matrix\T1/pt
m/m/n/10 , \T1/ptm/m/it/10 pop-u-la-tion_min=3\T1/ptm/m/n/10 , \T1/ptm/m/it/10 
ra-
 []


Underfull \hbox (badness 10000) in paragraph at lines 1285--1285
[]\T1/ptm/m/it/10 distance_matrix\T1/ptm/m/n/10 , \T1/ptm/m/it/10 file_id=None\
T1/ptm/m/n/10 , \T1/ptm/m/it/10 or-der-
 []

[20]

! Package inputenc Error: Unicode character ^^G (U+7)
(inputenc)                not set up for use with LaTeX.

See the inputenc package documentation for explanation.
Type  H <return>  for immediate help.
 ...                                              
                                                  
l.1353 rac\{1\}\{sqrt\{^^G
                          lpha + 1\}
? 

! Package inputenc Error: Unicode character ^^G (U+7)
(inputenc)                not set up for use with LaTeX.

See the inputenc package documentation for explanation.
Type  H <return>  for immediate help.
 ...                                              
                                                  
l.1361 rac\{1\}\{sqrt\{^^G
                          lpha + 1\}
? 

Underfull \hbox (badness 10000) in paragraph at lines 1389--1389
[]\T1/ptm/m/it/10 det_list\T1/ptm/m/n/10 , \T1/ptm/m/it/10 st_list\T1/ptm/m/n/1
0 , \T1/ptm/m/it/10 win_buffer=0.25\T1/ptm/m/n/10 ,
 []

[21]
Underfull \hbox (badness 10000) in paragraph at lines 1456--1456
[]\T1/ptm/m/it/10 W\T1/ptm/m/n/10 , \T1/ptm/m/it/10 r\T1/ptm/m/n/10 , \T1/ptm/m
/it/10 p_amb=101.325\T1/ptm/m/n/10 , \T1/ptm/m/it/10 T_amb=288.15\T1/ptm/m/n/10
 ,
 []


Underfull \hbox (badness 5446) in paragraph at lines 1486--1486
[]\T1/ptm/m/it/10 det_list\T1/ptm/m/n/10 , \T1/ptm/m/it/10 smn_spec\T1/ptm/m/n/
10 , \T1/ptm/m/it/10 src_loc\T1/ptm/m/n/10 , \T1/ptm/m/it/10 freq_band\T1/ptm/m
/n/10 , \T1/ptm/m/it/10 tloss_models\T1/ptm/m/n/10 ,
 []

[22]
LaTeX Font Info:    Try loading font information for TS1+pcr on input line 1.
 (/usr/local/texlive/2018/texmf-dist/tex/latex/psnfss/ts1pcr.fd
File: ts1pcr.fd 2001/06/04 font definitions for TS1/pcr.
)
LaTeX Font Info:    Font shape `TS1/pcr/bx/n' in size <10> not available
(Font)              Font shape `TS1/pcr/b/n' tried instead on input line 1.
 [23]
LaTeX Font Info:    Font shape `T1/pcr/bx/n' in size <9> not available
(Font)              Font shape `T1/pcr/b/n' tried instead on input line 1790.

[24] [25] [26] [27] [28] [29] [30] [31] [32]
Underfull \hbox (badness 10000) in paragraph at lines 3214--3214
[]\T1/ptm/m/it/10 St\T1/ptm/m/n/10 , \T1/ptm/m/it/10 wlen\T1/ptm/m/n/10 , \T1/p
tm/m/it/10 over-lap\T1/ptm/m/n/10 , \T1/ptm/m/it/10 fre-qmin\T1/ptm/m/n/10 , \T
1/ptm/m/it/10 fre-q-max\T1/ptm/m/n/10 ,
 []

[33]
Underfull \hbox (badness 10000) in paragraph at lines 3327--3327
[]\T1/ptm/m/it/10 fstat_vals\T1/ptm/m/n/10 , \T1/ptm/m/it/10 det_thresh\T1/ptm/
m/n/10 , \T1/ptm/m/it/10 TB_prod\T1/ptm/m/n/10 ,
 []


Underfull \hbox (badness 10000) in paragraph at lines 3333--3333
[]\T1/ptm/m/it/10 data\T1/ptm/m/n/10 , \T1/ptm/m/it/10 steer-ing\T1/ptm/m/n/10 
,
 []


Underfull \hbox (badness 10000) in paragraph at lines 3333--3333
\T1/ptm/m/it/10 method=\TS1/ptm/m/it/10 '\T1/ptm/m/it/10 bartlett\TS1/ptm/m/it/
10 '\T1/ptm/m/n/10 ,
 []


Underfull \hbox (badness 10000) in paragraph at lines 3333--3333
\T1/ptm/m/it/10 ns_covar_inv=None\T1/ptm/m/n/10 , \T1/ptm/m/it/10 sig-
 []

[34]
Underfull \hbox (badness 10000) in paragraph at lines 3380--3380
[]\T1/ptm/m/it/10 dxdy\T1/ptm/m/n/10 , \T1/ptm/m/it/10 param_grid\T1/ptm/m/n/10
 ,
 []


Underfull \hbox (badness 10000) in paragraph at lines 3414--3414
[]\T1/ptm/m/it/10 times\T1/ptm/m/n/10 , \T1/ptm/m/it/10 beam_results\T1/ptm/m/n
/10 ,
 []


Underfull \hbox (badness 10000) in paragraph at lines 3414--3414
\T1/ptm/m/it/10 win_len\T1/ptm/m/n/10 , \T1/ptm/m/it/10 TB_prod\T1/ptm/m/n/10 ,
 \T1/ptm/m/it/10 chan-
 []


Underfull \hbox (badness 10000) in paragraph at lines 3414--3414
\T1/ptm/m/it/10 nel_cnt\T1/ptm/m/n/10 , \T1/ptm/m/it/10 det_thresh=0.99\T1/ptm/
m/n/10 ,
 []


Underfull \hbox (badness 10000) in paragraph at lines 3414--3414
\T1/ptm/m/it/10 min_seq=5\T1/ptm/m/n/10 , \T1/ptm/m/it/10 back_az_lim=15\T1/ptm
/m/n/10 ,
 []

[35]
Underfull \hbox (badness 10000) in paragraph at lines 3476--3478
[]\T1/ptm/m/n/10 F[nf] =
 []


Underfull \hbox (badness 10000) in paragraph at lines 3509--3509
[]\T1/ptm/m/it/10 x\T1/ptm/m/n/10 , \T1/ptm/m/it/10 t\T1/ptm/m/n/10 , \T1/ptm/m
/it/10 win-dow=None\T1/ptm/m/n/10 ,
 []


Underfull \hbox (badness 10000) in paragraph at lines 3509--3509
\T1/ptm/m/it/10 sub_window_len=None\T1/ptm/m/n/10 ,
 []


Underfull \hbox (badness 10000) in paragraph at lines 3509--3509
\T1/ptm/m/it/10 sub_window_overlap=0.5\T1/ptm/m/n/10 ,
 []


Underfull \hbox (badness 10000) in paragraph at lines 3509--3509
\T1/ptm/m/it/10 fft_window=\TS1/ptm/m/it/10 '\T1/ptm/m/it/10 hanning\TS1/ptm/m/
it/10 '\T1/ptm/m/n/10 , \T1/ptm/m/it/10 nor-mal-
 []

[36]
Underfull \hbox (badness 10000) in paragraph at lines 3556--3556
[]\T1/ptm/m/it/10 beam_power\T1/ptm/m/n/10 , \T1/ptm/m/it/10 slow-ness_vals1\T1
/ptm/m/n/10 ,
 []


Underfull \hbox (badness 10000) in paragraph at lines 3556--3556
\T1/ptm/m/it/10 slow-ness_vals2\T1/ptm/m/n/10 , \T1/ptm/m/it/10 sig-nal_cnt=1\T
1/ptm/m/n/10 ,
 []

[37]
Underfull \hbox (badness 10000) in paragraph at lines 3671--3671
[]\T1/ptm/m/it/10 beam_power\T1/ptm/m/n/10 , \T1/ptm/m/it/10 back_az_vals\T1/pt
m/m/n/10 ,
 []


Underfull \hbox (badness 10000) in paragraph at lines 3671--3671
\T1/ptm/m/it/10 trc_vel_vals\T1/ptm/m/n/10 , \T1/ptm/m/it/10 freq_weights=None\
T1/ptm/m/n/10 ,
 []


Underfull \hbox (badness 10000) in paragraph at lines 3733--3733
\T1/ptm/m/it/10 ns_covar_inv=None\T1/ptm/m/n/10 , \T1/ptm/m/it/10 sig-nal_cnt=1
\T1/ptm/m/n/10 , \T1/ptm/m/it/10 nor-mal-
 []

[38]
Underfull \hbox (badness 10000) in paragraph at lines 3794--3794
[]\T1/ptm/m/it/10 stream\T1/ptm/m/n/10 , \T1/ptm/m/it/10 lat-lon=None\T1/ptm/m/
n/10 ,
 []

[39]
Underfull \hbox (badness 10000) in paragraph at lines 3896--3896
\T1/ptm/m/it/10 bm_width=10.0, rng_max=10005.97260168349, rad_min=100.0,
 []


Underfull \hbox (badness 10000) in paragraph at lines 3958--3958
[]\T1/ptm/m/it/10 det_list\T1/ptm/m/n/10 , \T1/ptm/m/it/10 bm_width=10.0\T1/ptm
/m/n/10 , \T1/ptm/m/it/10 rng_max=10005.97260168349\T1/ptm/m/n/10 ,
 []

[40] [41]
LaTeX Font Info:    Font shape `T1/pcr/m/it' in size <10> not available
(Font)              Font shape `T1/pcr/m/sl' tried instead on input line 4186.

Underfull \hbox (badness 10000) in paragraph at lines 4223--4223
[]\T1/ptm/m/it/10 *\T1/ptm/m/n/10 , \T1/ptm/m/it/10 skip-keys=False\T1/ptm/m/n/
10 ,
 []


Underfull \hbox (badness 10000) in paragraph at lines 4223--4223
\T1/ptm/m/it/10 en-sure_ascii=True\T1/ptm/m/n/10 ,
 []


Underfull \hbox (badness 10000) in paragraph at lines 4223--4223
\T1/ptm/m/it/10 check_circular=True\T1/ptm/m/n/10 ,
 []


Underfull \hbox (badness 10000) in paragraph at lines 4223--4223
\T1/ptm/m/it/10 al-low_nan=True\T1/ptm/m/n/10 ,
 []


Underfull \hbox (badness 10000) in paragraph at lines 4223--4223
\T1/ptm/m/it/10 sort_keys=False\T1/ptm/m/n/10 , \T1/ptm/m/it/10 in-
 []


Underfull \hbox (badness 10000) in paragraph at lines 4223--4223
\T1/ptm/m/it/10 dent=None\T1/ptm/m/n/10 , \T1/ptm/m/it/10 sep-a-ra-
 []

LaTeX Font Info:    Font shape `T1/pcr/m/it' in size <9> not available
(Font)              Font shape `T1/pcr/m/sl' tried instead on input line 4244.

Underfull \hbox (badness 10000) in paragraph at lines 4256--4256
[]\T1/ptm/m/it/10 lat_loc=None\T1/ptm/m/n/10 ,
 []


Underfull \hbox (badness 10000) in paragraph at lines 4256--4256
\T1/ptm/m/it/10 lon_loc=None\T1/ptm/m/n/10 ,
 []


Underfull \hbox (badness 10000) in paragraph at lines 4256--4256
\T1/ptm/m/it/10 time=None\T1/ptm/m/n/10 , \T1/ptm/m/it/10 az-
 []


Underfull \hbox (badness 10000) in paragraph at lines 4256--4256
\T1/ptm/m/it/10 imuth=None\T1/ptm/m/n/10 ,
 []


Underfull \hbox (badness 10000) in paragraph at lines 4256--4256
\T1/ptm/m/it/10 f_stat=None\T1/ptm/m/n/10 , \T1/ptm/m/it/10 ar-
 []

[42] [43] [44]
Underfull \hbox (badness 10000) in paragraph at lines 4705--4705
[]\T1/ptm/m/it/10 lat\T1/ptm/m/n/10 , \T1/ptm/m/it/10 lon\T1/ptm/m/n/10 , \T1/p
tm/m/it/10 det_list\T1/ptm/m/n/10 ,
 []


Underfull \hbox (badness 10000) in paragraph at lines 4705--4705
\T1/ptm/m/it/10 path_geo_model=None\T1/ptm/m/n/10 ,
 []

[45] [46]
Underfull \hbox (badness 6032) in paragraph at lines 4925--4925
[]\T1/ptm/m/it/10 session\T1/ptm/m/n/10 , \T1/ptm/m/it/10 Site\T1/ptm/m/n/10 , 
\T1/ptm/m/it/10 Wfdisc\T1/ptm/m/n/10 , \T1/ptm/m/it/10 ar-ray\T1/ptm/m/n/10 ,
 []


Underfull \hbox (badness 10000) in paragraph at lines 4925--4925
\T1/ptm/m/it/10 t0=None\T1/ptm/m/n/10 , \T1/ptm/m/it/10 te=None\T1/ptm/m/n/10 ,
 \T1/ptm/m/it/10 chan-
 []

[47]
Underfull \hbox (badness 10000) in paragraph at lines 5047--5049
[]
 []

[48]
Overfull \hbox (49.11253pt too wide) in paragraph at lines 5151--5162
[]\T1/ptm/m/n/10 LATLONI0,LATLONI1=GC_INTERSECT(LATLONA0,LATLONA1,LATLONB0,LATL
ONB1)
 []


Underfull \hbox (badness 10000) in paragraph at lines 5172--5174
[]
 []


Overfull \hbox (14.96252pt too wide) in paragraph at lines 5189--5202
[]\T1/ptm/m/n/10 LATLONI=GCARC_INTERSECT(LATLONA0,LATLONA1,LATLONB0,LATLONB1)
 []


Underfull \hbox (badness 10000) in paragraph at lines 5217--5220
[]\T1/ptm/m/n/10 # Do 2 great cir-cle arcs on the same great cir-cle in-ter-sec
t? >>>
 []


Underfull \hbox (badness 8056) in paragraph at lines 5227--5230
[]\T1/ptm/m/n/10 # You can also do sev-eral in-ter-sec-tions: >>> gcarc_interse
ct([0,0],[0,10],[[0,5],[-
 []

[49]
Underfull \hbox (badness 10000) in paragraph at lines 5235--5237
[]
 []


Underfull \hbox (badness 10000) in paragraph at lines 5321--5323
[]\T1/ptm/m/n/10 [ 6.12323400e-17, 1.00000000e+00, 0.00000000e+00], [ 6.1232340
0e-17,
 []

[50]
Underfull \hbox (badness 10000) in paragraph at lines 5437--5455
[]\T1/ptm/m/n/10 # Plot dis-tance dis-crep-ancy for SPHER-I-CAL-INV and HAVER-
 []


Underfull \hbox (badness 10000) in paragraph at lines 5437--5455
\T1/ptm/m/n/10 SINE: d2m=1000*6371*np.pi/180 d0=10**(np.linspace(-1,7.2,num=83)
)/d2m
 []


Underfull \hbox (badness 10000) in paragraph at lines 5437--5455
\T1/ptm/m/n/10 d0=d0[:,np.newaxis] pos=np.zeros((83,2)) pos[:,[1]]=d0 dc,_,_=sp
hericalinv((0,0),pos)
 []


Underfull \hbox (badness 10000) in paragraph at lines 5437--5455
\T1/ptm/m/n/10 hhav,=plt.plot(d2m*d0,d2m*abs(d0-dh),'g',label='HAVERSINE') plt.
xscale(`log')
 []


Underfull \hbox (badness 10000) in paragraph at lines 5437--5455
\T1/ptm/m/n/10 plt.yscale(`log') plt.xlabel(`distance (m)') plt.ylabel(`discrep
ancy (m)')
 []

[51] [52]
Underfull \hbox (badness 5893) in paragraph at lines 5662--5666
[]\T1/ptm/m/n/10 WLON=LONMOD(LON,WRAP) is LON-N.*WRAP where N=round(LON./WRAP) 
if
 []

[53] [54]
Underfull \hbox (badness 10000) in paragraph at lines 5860--5864
[]\T1/ptm/m/n/10 # St. Louis, MO to Yaounde, Cameroon: >>> sphericalinv((38.649
,-
 []


Underfull \hbox (badness 10000) in paragraph at lines 5860--5864
\T1/ptm/m/n/10 90.305),(3.861,11.521)) (ar-ray([[ 96.75578437]]), ar-ray([[ 79.
53972827]]), ar-ray([[
 []

[55] [56] [57] [58]<<ot1tt.cmap>> [59] [60] [61] [62] [63] [64] [65] [66]
[67] [68] [69] [70] [71] [72] [73] [74] [75] [76] [77] [78] [79] [80] [81]
[82] [83] [84] [85] [86] [87] [88] [89] [90] [91] [92] [93] [94] [95] [96

]
[97


] (./InfraPy.ind [98


]
Underfull \hbox (badness 10000) in paragraph at lines 29--31
[]\T1/pcr/m/n/10 ak135_p_tr_time() \T1/ptm/m/n/10 (\T1/ptm/m/it/10 in mod-ule i
n-
 []


Underfull \hbox (badness 10000) in paragraph at lines 31--33
[]\T1/pcr/m/n/10 ak135_s_tr_time() \T1/ptm/m/n/10 (\T1/ptm/m/it/10 in mod-ule i
n-
 []


Underfull \hbox (badness 7012) in paragraph at lines 35--37
[]\T1/pcr/m/n/10 algorithm \T1/ptm/m/n/10 (\T1/ptm/m/it/10 in-frapy.database.sc
hema.EDetectParams
 []


Underfull \hbox (badness 6910) in paragraph at lines 37--38
[]\T1/pcr/m/n/10 algorithm \T1/ptm/m/n/10 (\T1/ptm/m/it/10 in-frapy.database.sc
hema.fd_params at-
 []


Underfull \hbox (badness 7888) in paragraph at lines 38--39
[]\T1/pcr/m/n/10 algorithm \T1/ptm/m/n/10 (\T1/ptm/m/it/10 in-frapy.database.sc
hema.fk_params at-
 []


Overfull \hbox (42.64073pt too wide) in paragraph at lines 43--45
[]\T1/pcr/m/n/10 algorithm \T1/ptm/m/n/10 (\T1/ptm/m/it/10 in-frapy.database.ta
skbase.assoc.AssocInfraPy_LANL
 []


Overfull \hbox (52.35054pt too wide) in paragraph at lines 49--51
[]\T1/pcr/m/n/10 array_dim() \T1/ptm/m/n/10 (\T1/ptm/m/it/10 in-frapy.propagati
on.likelihoods.InfrasoundDetection
 []


Underfull \hbox (badness 10000) in paragraph at lines 55--57
[]\T1/pcr/m/n/10 AssocInfraPy_LANL \T1/ptm/m/n/10 (\T1/ptm/m/it/10 class in in-

 []


Overfull \hbox (46.20093pt too wide) in paragraph at lines 57--59
[]\T1/pcr/m/n/10 az_bin_cnt \T1/ptm/m/n/10 (\T1/ptm/m/it/10 in-frapy.propagatio
n.infrasound.PathGeometryModel
 []


Overfull \hbox (12.5811pt too wide) in paragraph at lines 59--61
[]\T1/pcr/m/n/10 az_bin_cnt \T1/ptm/m/n/10 (\T1/ptm/m/it/10 in-frapy.propagatio
n.infrasound.TLossModel
 []


Overfull \hbox (52.20093pt too wide) in paragraph at lines 61--63
[]\T1/pcr/m/n/10 az_bin_wdth \T1/ptm/m/n/10 (\T1/ptm/m/it/10 in-frapy.propagati
on.infrasound.PathGeometryModel
 []


Overfull \hbox (18.5811pt too wide) in paragraph at lines 63--65
[]\T1/pcr/m/n/10 az_bin_wdth \T1/ptm/m/n/10 (\T1/ptm/m/it/10 in-frapy.propagati
on.infrasound.TLossModel
 []


Overfull \hbox (34.35054pt too wide) in paragraph at lines 65--67
[]\T1/pcr/m/n/10 az_pdf() \T1/ptm/m/n/10 (\T1/ptm/m/it/10 in-frapy.propagation.
likelihoods.InfrasoundDetection
 []


Underfull \hbox (badness 10000) in paragraph at lines 73--75
[]\T1/pcr/m/n/10 back_azimuth() \T1/ptm/m/n/10 (\T1/ptm/m/it/10 in-
 []


Overfull \hbox (13.34067pt too wide) in paragraph at lines 73--75
\T1/ptm/m/it/10 frapy.propagation.likelihoods.InfrasoundDetection
 []


Underfull \hbox (badness 6910) in paragraph at lines 75--76
[]\T1/pcr/m/n/10 backazlim \T1/ptm/m/n/10 (\T1/ptm/m/it/10 in-frapy.database.sc
hema.fd_params at-
 []


Underfull \hbox (badness 7888) in paragraph at lines 76--77
[]\T1/pcr/m/n/10 backazmax \T1/ptm/m/n/10 (\T1/ptm/m/it/10 in-frapy.database.sc
hema.fk_params at-
 []


Underfull \hbox (badness 7888) in paragraph at lines 77--78
[]\T1/pcr/m/n/10 backazmin \T1/ptm/m/n/10 (\T1/ptm/m/it/10 in-frapy.database.sc
hema.fk_params at-
 []

[99

]
Underfull \hbox (badness 10000) in paragraph at lines 94--95
[]\T1/pcr/m/n/10 blastwave() \T1/ptm/m/n/10 (\T1/ptm/m/it/10 in mod-ule in-
 []


Underfull \hbox (badness 10000) in paragraph at lines 95--97
[]\T1/pcr/m/n/10 blastwave_spectrum() \T1/ptm/m/n/10 (\T1/ptm/m/it/10 in mod-ul
e in-
 []


Overfull \hbox (28.20093pt too wide) in paragraph at lines 97--99
[]\T1/pcr/m/n/10 bnc_max \T1/ptm/m/n/10 (\T1/ptm/m/it/10 in-frapy.propagation.i
nfrasound.PathGeometryModel
 []


Overfull \hbox (52.20093pt too wide) in paragraph at lines 99--101
[]\T1/pcr/m/n/10 bnd_overlap \T1/ptm/m/n/10 (\T1/ptm/m/it/10 in-frapy.propagati
on.infrasound.PathGeometryModel
 []


Overfull \hbox (28.20093pt too wide) in paragraph at lines 101--103
[]\T1/pcr/m/n/10 build() \T1/ptm/m/n/10 (\T1/ptm/m/it/10 in-frapy.propagation.i
nfrasound.PathGeometryModel
 []


Underfull \hbox (badness 10000) in paragraph at lines 105--107
[]\T1/pcr/m/n/10 build_distance_matrix() \T1/ptm/m/n/10 (\T1/ptm/m/it/10 in mod
-ule in-
 []


Underfull \hbox (badness 10000) in paragraph at lines 107--109
[]\T1/pcr/m/n/10 build_slowness() \T1/ptm/m/n/10 (\T1/ptm/m/it/10 in mod-ule in
-
 []


Underfull \hbox (badness 10000) in paragraph at lines 114--115
[]\T1/pcr/m/n/10 calc_conf_ellipse() \T1/ptm/m/n/10 (\T1/ptm/m/it/10 in mod-ule
 in-
 []


Underfull \hbox (badness 10000) in paragraph at lines 115--117
[]\T1/pcr/m/n/10 calc_det_thresh() \T1/ptm/m/n/10 (\T1/ptm/m/it/10 in mod-ule i
n-
 []


Underfull \hbox (badness 10000) in paragraph at lines 117--119
[]\T1/pcr/m/n/10 calc_kappa_etc() \T1/ptm/m/n/10 (\T1/ptm/m/it/10 in-
 []


Overfull \hbox (13.34067pt too wide) in paragraph at lines 117--119
\T1/ptm/m/it/10 frapy.propagation.likelihoods.InfrasoundDetection
 []


Underfull \hbox (badness 10000) in paragraph at lines 119--121
[]\T1/pcr/m/n/10 canonical_rcel() \T1/ptm/m/n/10 (\T1/ptm/m/it/10 in mod-ule in
-
 []


Underfull \hbox (badness 10000) in paragraph at lines 121--123
[]\T1/pcr/m/n/10 canonical_tloss() \T1/ptm/m/n/10 (\T1/ptm/m/it/10 in mod-ule i
n-
 []


Underfull \hbox (badness 10000) in paragraph at lines 129--131
[]\T1/pcr/m/n/10 clusterthresh \T1/ptm/m/n/10 (\T1/ptm/m/it/10 in-
 []


Underfull \hbox (badness 10000) in paragraph at lines 129--131
\T1/ptm/m/it/10 frapy.database.schema.ASSOC_params at-
 []


Underfull \hbox (badness 10000) in paragraph at lines 132--134
[]\T1/pcr/m/n/10 compute_assoc_pair() \T1/ptm/m/n/10 (\T1/ptm/m/it/10 in mod-ul
e in-
 []


Underfull \hbox (badness 10000) in paragraph at lines 136--138
[]\T1/pcr/m/n/10 compute_beam_power() \T1/ptm/m/n/10 (\T1/ptm/m/it/10 in mod-ul
e in-
 []


Underfull \hbox (badness 10000) in paragraph at lines 140--142
[]\T1/pcr/m/n/10 compute_delays() \T1/ptm/m/n/10 (\T1/ptm/m/it/10 in mod-ule in
-
 []


Underfull \hbox (badness 10000) in paragraph at lines 151--153
[]\T1/pcr/m/n/10 data_processing() \T1/ptm/m/n/10 (\T1/ptm/m/it/10 in-
 []


Overfull \hbox (15.63086pt too wide) in paragraph at lines 151--153
\T1/ptm/m/it/10 frapy.database.taskbase.assoc.AssocInfraPy_LANL
 []


Underfull \hbox (badness 10000) in paragraph at lines 153--155
[]\T1/pcr/m/n/10 data_processing() \T1/ptm/m/n/10 (\T1/ptm/m/it/10 in-
 []


Underfull \hbox (badness 10000) in paragraph at lines 153--155
\T1/ptm/m/it/10 frapy.database.taskbase.fdet.FDet method\T1/ptm/m/n/10 ),
 []


Underfull \hbox (badness 10000) in paragraph at lines 155--157
[]\T1/pcr/m/n/10 data_processing() \T1/ptm/m/n/10 (\T1/ptm/m/it/10 in-
 []


Underfull \hbox (badness 10000) in paragraph at lines 155--157
\T1/ptm/m/it/10 frapy.database.taskbase.loc.LocInfraPy
 []


Underfull \hbox (badness 10000) in paragraph at lines 157--159
[]\T1/pcr/m/n/10 data_processingASSOC() \T1/ptm/m/n/10 (\T1/ptm/m/it/10 in-
 []


Overfull \hbox (15.63086pt too wide) in paragraph at lines 157--159
\T1/ptm/m/it/10 frapy.database.taskbase.assoc.AssocInfraPy_LANL
 []


Underfull \hbox (badness 10000) in paragraph at lines 159--161
[]\T1/pcr/m/n/10 data_processingLOC() \T1/ptm/m/n/10 (\T1/ptm/m/it/10 in-
 []


Underfull \hbox (badness 10000) in paragraph at lines 159--161
\T1/ptm/m/it/10 frapy.database.taskbase.loc.LocInfraPy
 []


Underfull \hbox (badness 10000) in paragraph at lines 161--163
[]\T1/pcr/m/n/10 data_retrieving() \T1/ptm/m/n/10 (\T1/ptm/m/it/10 in-
 []


Underfull \hbox (badness 10000) in paragraph at lines 161--163
\T1/ptm/m/it/10 frapy.database.taskbase.fdet.FDet method\T1/ptm/m/n/10 ),
 []


Underfull \hbox (badness 10000) in paragraph at lines 163--165
[]\T1/pcr/m/n/10 data_retrieving() \T1/ptm/m/n/10 (\T1/ptm/m/it/10 in-
 []


Underfull \hbox (badness 10000) in paragraph at lines 163--165
\T1/ptm/m/it/10 frapy.database.taskbase.loc.LocInfraPy
 []


Underfull \hbox (badness 10000) in paragraph at lines 165--167
[]\T1/pcr/m/n/10 data_retrievingS() \T1/ptm/m/n/10 (\T1/ptm/m/it/10 in-
 []


Overfull \hbox (15.63086pt too wide) in paragraph at lines 165--167
\T1/ptm/m/it/10 frapy.database.taskbase.assoc.AssocInfraPy_LANL
 []


Underfull \hbox (badness 10000) in paragraph at lines 167--169
[]\T1/pcr/m/n/10 database_connecting() \T1/ptm/m/n/10 (\T1/ptm/m/it/10 in-
 []


Overfull \hbox (15.63086pt too wide) in paragraph at lines 167--169
\T1/ptm/m/it/10 frapy.database.taskbase.assoc.AssocInfraPy_LANL
 []


Underfull \hbox (badness 10000) in paragraph at lines 169--171
[]\T1/pcr/m/n/10 database_connecting() \T1/ptm/m/n/10 (\T1/ptm/m/it/10 in-
 []


Underfull \hbox (badness 10000) in paragraph at lines 169--171
\T1/ptm/m/it/10 frapy.database.taskbase.fdet.FDet method\T1/ptm/m/n/10 ),
 []


Underfull \hbox (badness 10000) in paragraph at lines 171--173
[]\T1/pcr/m/n/10 database_connecting() \T1/ptm/m/n/10 (\T1/ptm/m/it/10 in-
 []


Underfull \hbox (badness 10000) in paragraph at lines 171--173
\T1/ptm/m/it/10 frapy.database.taskbase.loc.LocInfraPy
 []


Underfull \hbox (badness 10000) in paragraph at lines 173--174
[]\T1/pcr/m/n/10 db2dets() \T1/ptm/m/n/10 (\T1/ptm/m/it/10 in mod-ule in-
 []

[100]
Overfull \hbox (25.90088pt too wide) in paragraph at lines 174--176
[]\T1/pcr/m/n/10 default() \T1/ptm/m/n/10 (\T1/ptm/m/it/10 in-frapy.propagation
.likelihoods.Infrapy_Encoder
 []


Underfull \hbox (badness 10000) in paragraph at lines 176--178
[]\T1/pcr/m/n/10 default_az_dev_var \T1/ptm/m/n/10 (\T1/ptm/m/it/10 in-
 []


Overfull \hbox (13.19106pt too wide) in paragraph at lines 176--178
\T1/ptm/m/it/10 frapy.propagation.infrasound.PathGeometryModel
 []


Underfull \hbox (badness 10000) in paragraph at lines 178--180
[]\T1/pcr/m/n/10 detect_peaks() \T1/ptm/m/n/10 (\T1/ptm/m/it/10 in mod-ule in-
 []


Underfull \hbox (badness 10000) in paragraph at lines 180--182
[]\T1/pcr/m/n/10 detect_signals() \T1/ptm/m/n/10 (\T1/ptm/m/it/10 in mod-ule in
-
 []


Underfull \hbox (badness 10000) in paragraph at lines 182--184
[]\T1/pcr/m/n/10 detection_list_to_json() \T1/ptm/m/n/10 (\T1/ptm/m/it/10 in mo
d-ule in-
 []


Underfull \hbox (badness 6910) in paragraph at lines 184--185
[]\T1/pcr/m/n/10 detwinlen \T1/ptm/m/n/10 (\T1/ptm/m/it/10 in-frapy.database.sc
hema.fd_params at-
 []


Overfull \hbox (40.20093pt too wide) in paragraph at lines 188--190
[]\T1/pcr/m/n/10 display() \T1/ptm/m/n/10 (\T1/ptm/m/it/10 in-frapy.propagation
.infrasound.PathGeometryModel
 []


Overfull \hbox (6.5811pt too wide) in paragraph at lines 190--192
[]\T1/pcr/m/n/10 display() \T1/ptm/m/n/10 (\T1/ptm/m/it/10 in-frapy.propagation
.infrasound.TLossModel
 []


Underfull \hbox (badness 10000) in paragraph at lines 193--194
[]\T1/pcr/m/n/10 distfit() \T1/ptm/m/n/10 (\T1/ptm/m/it/10 in-frapy.database.ta
skbase.fdet.FDet
 []


Underfull \hbox (badness 10000) in paragraph at lines 195--196
[]\T1/pcr/m/n/10 dsegmin \T1/ptm/m/n/10 (\T1/ptm/m/it/10 in-frapy.database.sche
ma.fd_params at-
 []


Underfull \hbox (badness 10000) in paragraph at lines 196--198
[]\T1/pcr/m/n/10 duration \T1/ptm/m/n/10 (\T1/ptm/m/it/10 in-frapy.database.sch
ema.ASSOC_params
 []


Overfull \hbox (52.35054pt too wide) in paragraph at lines 205--207
[]\T1/pcr/m/n/10 elevation() \T1/ptm/m/n/10 (\T1/ptm/m/it/10 in-frapy.propagati
on.likelihoods.InfrasoundDetection
 []


Overfull \hbox (16.35054pt too wide) in paragraph at lines 207--209
[]\T1/pcr/m/n/10 end() \T1/ptm/m/n/10 (\T1/ptm/m/it/10 in-frapy.propagation.lik
elihoods.InfrasoundDetection
 []


Underfull \hbox (badness 10000) in paragraph at lines 212--213
[]\T1/pcr/m/n/10 etimeend \T1/ptm/m/n/10 (\T1/ptm/m/it/10 in-frapy.database.sch
ema.fd_results at-
 []


Underfull \hbox (badness 10000) in paragraph at lines 213--214
[]\T1/pcr/m/n/10 etimeini \T1/ptm/m/n/10 (\T1/ptm/m/it/10 in-frapy.database.sch
ema.fd_results at-
 []


Underfull \hbox (badness 10000) in paragraph at lines 216--218
[]\T1/pcr/m/n/10 eval() \T1/ptm/m/n/10 (\T1/ptm/m/it/10 in-frapy.propagation.in
frasound.TLossModel
 []


Underfull \hbox (badness 10000) in paragraph at lines 218--220
[]\T1/pcr/m/n/10 eval_az_dev_mn() \T1/ptm/m/n/10 (\T1/ptm/m/it/10 in-
 []


Overfull \hbox (13.19106pt too wide) in paragraph at lines 218--220
\T1/ptm/m/it/10 frapy.propagation.infrasound.PathGeometryModel
 []


Underfull \hbox (badness 10000) in paragraph at lines 220--222
[]\T1/pcr/m/n/10 eval_az_dev_vr() \T1/ptm/m/n/10 (\T1/ptm/m/it/10 in-
 []


Overfull \hbox (13.19106pt too wide) in paragraph at lines 220--222
\T1/ptm/m/it/10 frapy.propagation.infrasound.PathGeometryModel
 []


Underfull \hbox (badness 10000) in paragraph at lines 222--224
[]\T1/pcr/m/n/10 eval_rcel_gmm() \T1/ptm/m/n/10 (\T1/ptm/m/it/10 in-
 []


Overfull \hbox (13.19106pt too wide) in paragraph at lines 222--224
\T1/ptm/m/it/10 frapy.propagation.infrasound.PathGeometryModel
 []


Underfull \hbox (badness 10000) in paragraph at lines 224--226
[]\T1/pcr/m/n/10 event_detection() \T1/ptm/m/n/10 (\T1/ptm/m/it/10 in-
 []


Underfull \hbox (badness 10000) in paragraph at lines 224--226
\T1/ptm/m/it/10 frapy.database.taskbase.fdet.FDet method\T1/ptm/m/n/10 ),
 []


Underfull \hbox (badness 10000) in paragraph at lines 226--228
[]\T1/pcr/m/n/10 event_detection2() \T1/ptm/m/n/10 (\T1/ptm/m/it/10 in-
 []


Underfull \hbox (badness 10000) in paragraph at lines 226--228
\T1/ptm/m/it/10 frapy.database.taskbase.fdet.FDet method\T1/ptm/m/n/10 ),
 []


Overfull \hbox (46.35054pt too wide) in paragraph at lines 228--230
[]\T1/pcr/m/n/10 event_id() \T1/ptm/m/n/10 (\T1/ptm/m/it/10 in-frapy.propagatio
n.likelihoods.InfrasoundDetection
 []


Underfull \hbox (badness 10000) in paragraph at lines 232--233
[]\T1/pcr/m/n/10 eventid \T1/ptm/m/n/10 (\T1/ptm/m/it/10 in-frapy.database.sche
ma.loc_results at-
 []


Underfull \hbox (badness 10000) in paragraph at lines 236--238
[]\T1/pcr/m/n/10 extract_signal() \T1/ptm/m/n/10 (\T1/ptm/m/it/10 in mod-ule in
-
 []


Underfull \hbox (badness 10000) in paragraph at lines 238--240
[]\T1/pcr/m/n/10 extract_spectra() \T1/ptm/m/n/10 (\T1/ptm/m/it/10 in mod-ule i
n-
 []


Underfull \hbox (badness 10000) in paragraph at lines 247--248
[]\T1/pcr/m/n/10 fdid \T1/ptm/m/n/10 (\T1/ptm/m/it/10 in-frapy.database.schema.
ASSOC_results at-
 []


Underfull \hbox (badness 10000) in paragraph at lines 251--253
[]\T1/pcr/m/n/10 fft_array_data() \T1/ptm/m/n/10 (\T1/ptm/m/it/10 in mod-ule in
-
 []


Underfull \hbox (badness 10000) in paragraph at lines 253--254
[]\T1/pcr/m/n/10 file2dets() \T1/ptm/m/n/10 (\T1/ptm/m/it/10 in mod-ule in-
 []


Underfull \hbox (badness 10000) in paragraph at lines 254--256
[]\T1/pcr/m/n/10 fillFromDict() \T1/ptm/m/n/10 (\T1/ptm/m/it/10 in-
 []


Overfull \hbox (13.34067pt too wide) in paragraph at lines 254--256
\T1/ptm/m/it/10 frapy.propagation.likelihoods.InfrasoundDetection
 []

[101]
Underfull \hbox (badness 10000) in paragraph at lines 267--269
[]\T1/pcr/m/n/10 filtertype \T1/ptm/m/n/10 (\T1/ptm/m/it/10 in-frapy.database.s
chema.noise_params
 []


Underfull \hbox (badness 10000) in paragraph at lines 269--271
[]\T1/pcr/m/n/10 find_azimuth_bin() \T1/ptm/m/n/10 (\T1/ptm/m/it/10 in mod-ule 
in-
 []


Underfull \hbox (badness 10000) in paragraph at lines 271--272
[]\T1/pcr/m/n/10 find_confidence() \T1/ptm/m/n/10 (\T1/ptm/m/it/10 in mod-ule i
n-
 []


Underfull \hbox (badness 10000) in paragraph at lines 272--273
[]\T1/pcr/m/n/10 find_confidence() \T1/ptm/m/n/10 (\T1/ptm/m/it/10 in mod-ule i
n-
 []


Underfull \hbox (badness 10000) in paragraph at lines 273--275
[]\T1/pcr/m/n/10 find_peaks() \T1/ptm/m/n/10 (\T1/ptm/m/it/10 in mod-ule in-
 []


Underfull \hbox (badness 10000) in paragraph at lines 278--280
[]\T1/pcr/m/n/10 fkfromOStream() \T1/ptm/m/n/10 (\T1/ptm/m/it/10 in mod-ule in-

 []


Underfull \hbox (badness 10000) in paragraph at lines 284--285
[]\T1/pcr/m/n/10 freqmax \T1/ptm/m/n/10 (\T1/ptm/m/it/10 in-frapy.database.sche
ma.fk_params at-
 []


Underfull \hbox (badness 10000) in paragraph at lines 285--286
[]\T1/pcr/m/n/10 freqmin \T1/ptm/m/n/10 (\T1/ptm/m/it/10 in-frapy.database.sche
ma.fk_params at-
 []


Underfull \hbox (badness 10000) in paragraph at lines 286--288
[]\T1/pcr/m/n/10 frequency_range() \T1/ptm/m/n/10 (\T1/ptm/m/it/10 in-
 []


Overfull \hbox (13.34067pt too wide) in paragraph at lines 286--288
\T1/ptm/m/it/10 frapy.propagation.likelihoods.InfrasoundDetection
 []


Underfull \hbox (badness 10000) in paragraph at lines 288--290
[]\T1/pcr/m/n/10 from_string() \T1/ptm/m/n/10 (\T1/ptm/m/it/10 in-
 []


Underfull \hbox (badness 10000) in paragraph at lines 288--290
\T1/ptm/m/it/10 frapy.database.schema.ASSOC_params class
 []


Underfull \hbox (badness 10000) in paragraph at lines 290--292
[]\T1/pcr/m/n/10 from_string() \T1/ptm/m/n/10 (\T1/ptm/m/it/10 in-
 []


Underfull \hbox (badness 10000) in paragraph at lines 290--292
\T1/ptm/m/it/10 frapy.database.schema.ASSOC_results class
 []


Underfull \hbox (badness 10000) in paragraph at lines 292--294
[]\T1/pcr/m/n/10 from_string() \T1/ptm/m/n/10 (\T1/ptm/m/it/10 in-
 []


Underfull \hbox (badness 10000) in paragraph at lines 292--294
\T1/ptm/m/it/10 frapy.database.schema.EDetectParams class
 []


Underfull \hbox (badness 6510) in paragraph at lines 300--302
[]\T1/pcr/m/n/10 from_string() \T1/ptm/m/n/10 (\T1/ptm/m/it/10 in-frapy.databas
e.schema.fk_results
 []


Underfull \hbox (badness 10000) in paragraph at lines 302--304
[]\T1/pcr/m/n/10 from_string() \T1/ptm/m/n/10 (\T1/ptm/m/it/10 in-
 []


Underfull \hbox (badness 10000) in paragraph at lines 302--304
\T1/ptm/m/it/10 frapy.database.schema.loc_params class
 []


Underfull \hbox (badness 10000) in paragraph at lines 306--308
[]\T1/pcr/m/n/10 from_string() \T1/ptm/m/n/10 (\T1/ptm/m/it/10 in-
 []


Underfull \hbox (badness 10000) in paragraph at lines 306--308
\T1/ptm/m/it/10 frapy.database.schema.noise_params class
 []


Underfull \hbox (badness 10000) in paragraph at lines 315--317
[]\T1/pcr/m/n/10 generateDict() \T1/ptm/m/n/10 (\T1/ptm/m/it/10 in-
 []


Overfull \hbox (13.34067pt too wide) in paragraph at lines 315--317
\T1/ptm/m/it/10 frapy.propagation.likelihoods.InfrasoundDetection
 []


Underfull \hbox (badness 10000) in paragraph at lines 322--323
[]\T1/pcr/m/n/10 geographiclat2radius() \T1/ptm/m/n/10 (\T1/ptm/m/it/10 in mod-
ule in-
 []


Underfull \hbox (badness 10000) in paragraph at lines 324--326
[]\T1/pcr/m/n/10 get_array_dim() \T1/ptm/m/n/10 (\T1/ptm/m/it/10 in-
 []


Overfull \hbox (13.34067pt too wide) in paragraph at lines 324--326
\T1/ptm/m/it/10 frapy.propagation.likelihoods.InfrasoundDetection
 []


Underfull \hbox (badness 10000) in paragraph at lines 326--328
[]\T1/pcr/m/n/10 get_arraywaveforms() \T1/ptm/m/n/10 (\T1/ptm/m/it/10 in mod-ul
e in-
 []


Underfull \hbox (badness 10000) in paragraph at lines 328--330
[]\T1/pcr/m/n/10 get_back_azimuth() \T1/ptm/m/n/10 (\T1/ptm/m/it/10 in-
 []


Overfull \hbox (13.34067pt too wide) in paragraph at lines 328--330
\T1/ptm/m/it/10 frapy.propagation.likelihoods.InfrasoundDetection
 []


Underfull \hbox (badness 10000) in paragraph at lines 330--332
[]\T1/pcr/m/n/10 get_channel() \T1/ptm/m/n/10 (\T1/ptm/m/it/10 in mod-ule in-
 []


Overfull \hbox (40.35054pt too wide) in paragraph at lines 332--334
[]\T1/pcr/m/n/10 get_ele() \T1/ptm/m/n/10 (\T1/ptm/m/it/10 in-frapy.propagation
.likelihoods.InfrasoundDetection
 []


Overfull \hbox (40.35054pt too wide) in paragraph at lines 334--336
[]\T1/pcr/m/n/10 get_end() \T1/ptm/m/n/10 (\T1/ptm/m/it/10 in-frapy.propagation
.likelihoods.InfrasoundDetection
 []


Underfull \hbox (badness 10000) in paragraph at lines 336--338
[]\T1/pcr/m/n/10 get_event_id() \T1/ptm/m/n/10 (\T1/ptm/m/it/10 in-
 []


Overfull \hbox (13.34067pt too wide) in paragraph at lines 336--338
\T1/ptm/m/it/10 frapy.propagation.likelihoods.InfrasoundDetection
 []


Underfull \hbox (badness 10000) in paragraph at lines 340--342
[]\T1/pcr/m/n/10 get_freq_range() \T1/ptm/m/n/10 (\T1/ptm/m/it/10 in-
 []


Overfull \hbox (13.34067pt too wide) in paragraph at lines 340--342
\T1/ptm/m/it/10 frapy.propagation.likelihoods.InfrasoundDetection
 []


Underfull \hbox (badness 10000) in paragraph at lines 342--344
[]\T1/pcr/m/n/10 get_header_table() \T1/ptm/m/n/10 (\T1/ptm/m/it/10 in mod-ule 
in-
 []


Overfull \hbox (40.35054pt too wide) in paragraph at lines 344--346
[]\T1/pcr/m/n/10 get_lat() \T1/ptm/m/n/10 (\T1/ptm/m/it/10 in-frapy.propagation
.likelihoods.InfrasoundDetection
 []


Overfull \hbox (40.35054pt too wide) in paragraph at lines 346--348
[]\T1/pcr/m/n/10 get_lon() \T1/ptm/m/n/10 (\T1/ptm/m/it/10 in-frapy.propagation
.likelihoods.InfrasoundDetection
 []


Underfull \hbox (badness 10000) in paragraph at lines 348--350
[]\T1/pcr/m/n/10 get_mean_locations() \T1/ptm/m/n/10 (\T1/ptm/m/it/10 in mod-ul
e in-
 []

[102]
Overfull \hbox (58.35054pt too wide) in paragraph at lines 350--352
[]\T1/pcr/m/n/10 get_method() \T1/ptm/m/n/10 (\T1/ptm/m/it/10 in-frapy.propagat
ion.likelihoods.InfrasoundDetection
 []


Overfull \hbox (46.35054pt too wide) in paragraph at lines 352--354
[]\T1/pcr/m/n/10 get_name() \T1/ptm/m/n/10 (\T1/ptm/m/it/10 in-frapy.propagatio
n.likelihoods.InfrasoundDetection
 []


Overfull \hbox (46.35054pt too wide) in paragraph at lines 354--356
[]\T1/pcr/m/n/10 get_note() \T1/ptm/m/n/10 (\T1/ptm/m/it/10 in-frapy.propagatio
n.likelihoods.InfrasoundDetection
 []


Underfull \hbox (badness 10000) in paragraph at lines 356--358
[]\T1/pcr/m/n/10 get_or_create_tables() \T1/ptm/m/n/10 (\T1/ptm/m/it/10 in mod-
ule in-
 []


Underfull \hbox (badness 10000) in paragraph at lines 358--360
[]\T1/pcr/m/n/10 get_or_create_tables() \T1/ptm/m/n/10 (\T1/ptm/m/it/10 in mod-
ule in-
 []


Underfull \hbox (badness 10000) in paragraph at lines 362--364
[]\T1/pcr/m/n/10 get_peakF_UTCtime() \T1/ptm/m/n/10 (\T1/ptm/m/it/10 in-
 []


Overfull \hbox (13.34067pt too wide) in paragraph at lines 362--364
\T1/ptm/m/it/10 frapy.propagation.likelihoods.InfrasoundDetection
 []


Underfull \hbox (badness 10000) in paragraph at lines 364--366
[]\T1/pcr/m/n/10 get_peakF_value() \T1/ptm/m/n/10 (\T1/ptm/m/it/10 in-
 []


Overfull \hbox (13.34067pt too wide) in paragraph at lines 364--366
\T1/ptm/m/it/10 frapy.propagation.likelihoods.InfrasoundDetection
 []


Overfull \hbox (52.35054pt too wide) in paragraph at lines 370--372
[]\T1/pcr/m/n/10 get_start() \T1/ptm/m/n/10 (\T1/ptm/m/it/10 in-frapy.propagati
on.likelihoods.InfrasoundDetection
 []


Underfull \hbox (badness 10000) in paragraph at lines 373--375
[]\T1/pcr/m/n/10 get_trace_velocity() \T1/ptm/m/n/10 (\T1/ptm/m/it/10 in-
 []


Overfull \hbox (13.34067pt too wide) in paragraph at lines 373--375
\T1/ptm/m/it/10 frapy.propagation.likelihoods.InfrasoundDetection
 []


Underfull \hbox (badness 10000) in paragraph at lines 376--377
[]\T1/pcr/m/n/10 getdet() \T1/ptm/m/n/10 (\T1/ptm/m/it/10 in-frapy.database.tas
kbase.fdet.FDet
 []


Underfull \hbox (badness 10000) in paragraph at lines 377--378
[]\T1/pcr/m/n/10 getXY_array() \T1/ptm/m/n/10 (\T1/ptm/m/it/10 in mod-ule in-
 []


Underfull \hbox (badness 10000) in paragraph at lines 395--396
[]\T1/pcr/m/n/10 infrapy.database.taskbase.fdet \T1/ptm/m/n/10 (\T1/ptm/m/it/10
 mod-ule\T1/ptm/m/n/10 ),
 []


Underfull \hbox (badness 10000) in paragraph at lines 400--401
[]\T1/pcr/m/n/10 infrapy.propagation.infrasound \T1/ptm/m/n/10 (\T1/ptm/m/it/10
 mod-ule\T1/ptm/m/n/10 ),
 []


Underfull \hbox (badness 10000) in paragraph at lines 409--410
[]\T1/pcr/m/n/10 infrapy.utils.get_arraywaveforms \T1/ptm/m/n/10 (\T1/ptm/m/it/
10 mod-
 []


Underfull \hbox (badness 10000) in paragraph at lines 410--411
[]\T1/pcr/m/n/10 infrapy.utils.get_header_table \T1/ptm/m/n/10 (\T1/ptm/m/it/10
 mod-ule\T1/ptm/m/n/10 ),
 []


Underfull \hbox (badness 10000) in paragraph at lines 411--412
[]\T1/pcr/m/n/10 infrapy.utils.get_mean_locations \T1/ptm/m/n/10 (\T1/ptm/m/it/
10 mod-
 []


Underfull \hbox (badness 10000) in paragraph at lines 414--415
[]\T1/pcr/m/n/10 infrapy.utils.obspy_conversion \T1/ptm/m/n/10 (\T1/ptm/m/it/10
 mod-ule\T1/ptm/m/n/10 ),
 []


Underfull \hbox (badness 10000) in paragraph at lines 421--423
[]\T1/pcr/m/n/10 Infrapy_Encoder \T1/ptm/m/n/10 (\T1/ptm/m/it/10 class in in-
 []


Underfull \hbox (badness 10000) in paragraph at lines 423--425
[]\T1/pcr/m/n/10 InfrasoundDetection \T1/ptm/m/n/10 (\T1/ptm/m/it/10 class in i
n-
 []


Underfull \hbox (badness 10000) in paragraph at lines 430--431
[]\T1/pcr/m/n/10 joint_pdf() \T1/ptm/m/n/10 (\T1/ptm/m/it/10 in mod-ule in-
 []


Underfull \hbox (badness 10000) in paragraph at lines 431--433
[]\T1/pcr/m/n/10 joint_pdf_wrapper() \T1/ptm/m/n/10 (\T1/ptm/m/it/10 in mod-ule
 in-
 []


Underfull \hbox (badness 10000) in paragraph at lines 433--435
[]\T1/pcr/m/n/10 json_to_detection_list() \T1/ptm/m/n/10 (\T1/ptm/m/it/10 in mo
d-ule in-
 []


Overfull \hbox (46.35054pt too wide) in paragraph at lines 444--446
[]\T1/pcr/m/n/10 latitude() \T1/ptm/m/n/10 (\T1/ptm/m/it/10 in-frapy.propagatio
n.likelihoods.InfrasoundDetection
 []

[103]
Underfull \hbox (badness 10000) in paragraph at lines 446--448
[]\T1/pcr/m/n/10 latlonorigcovar \T1/ptm/m/n/10 (\T1/ptm/m/it/10 in-
 []


Underfull \hbox (badness 10000) in paragraph at lines 446--448
\T1/ptm/m/it/10 frapy.database.schema.loc_results at-tribute\T1/ptm/m/n/10 ),
 []


Overfull \hbox (22.20093pt too wide) in paragraph at lines 455--457
[]\T1/pcr/m/n/10 load() \T1/ptm/m/n/10 (\T1/ptm/m/it/10 in-frapy.propagation.in
frasound.PathGeometryModel
 []


Underfull \hbox (badness 10000) in paragraph at lines 457--459
[]\T1/pcr/m/n/10 load() \T1/ptm/m/n/10 (\T1/ptm/m/it/10 in-frapy.propagation.in
frasound.TLossModel
 []


Overfull \hbox (52.35054pt too wide) in paragraph at lines 466--468
[]\T1/pcr/m/n/10 longitude() \T1/ptm/m/n/10 (\T1/ptm/m/it/10 in-frapy.propagati
on.likelihoods.InfrasoundDetection
 []


Underfull \hbox (badness 10000) in paragraph at lines 482--484
[]\T1/pcr/m/n/10 marginal_spatial_pdf() \T1/ptm/m/n/10 (\T1/ptm/m/it/10 in mod-
ule in-
 []


Underfull \hbox (badness 10000) in paragraph at lines 488--489
[]\T1/pcr/m/n/10 maxlat \T1/ptm/m/n/10 (\T1/ptm/m/it/10 in-frapy.database.schem
a.loc_params at-
 []


Underfull \hbox (badness 10000) in paragraph at lines 489--490
[]\T1/pcr/m/n/10 maxlon \T1/ptm/m/n/10 (\T1/ptm/m/it/10 in-frapy.database.schem
a.loc_params at-
 []


Underfull \hbox (badness 10000) in paragraph at lines 493--495
[]\T1/pcr/m/n/10 meanlocations() \T1/ptm/m/n/10 (\T1/ptm/m/it/10 in-
 []


Underfull \hbox (badness 10000) in paragraph at lines 493--495
\T1/ptm/m/it/10 frapy.database.taskbase.loc.LocInfraPy
 []


Overfull \hbox (34.35054pt too wide) in paragraph at lines 495--497
[]\T1/pcr/m/n/10 method() \T1/ptm/m/n/10 (\T1/ptm/m/it/10 in-frapy.propagation.
likelihoods.InfrasoundDetection
 []


Underfull \hbox (badness 10000) in paragraph at lines 497--499
[]\T1/pcr/m/n/10 min_az_dev_var \T1/ptm/m/n/10 (\T1/ptm/m/it/10 in-
 []


Overfull \hbox (13.19106pt too wide) in paragraph at lines 497--499
\T1/ptm/m/it/10 frapy.propagation.infrasound.PathGeometryModel
 []


Overfull \hbox (7.69167pt too wide) in paragraph at lines 499--501
[]\T1/pcr/m/n/10 minarraypop \T1/ptm/m/n/10 (\T1/ptm/m/it/10 in-frapy.database.
schema.ASSOC_params
 []


Underfull \hbox (badness 10000) in paragraph at lines 503--504
[]\T1/pcr/m/n/10 minlat \T1/ptm/m/n/10 (\T1/ptm/m/it/10 in-frapy.database.schem
a.loc_params at-
 []


Underfull \hbox (badness 10000) in paragraph at lines 505--506
[]\T1/pcr/m/n/10 minlon \T1/ptm/m/n/10 (\T1/ptm/m/it/10 in-frapy.database.schem
a.loc_params at-
 []


Underfull \hbox (badness 10000) in paragraph at lines 511--512
[]\T1/pcr/m/n/10 multivariate_normal() \T1/ptm/m/n/10 (\T1/ptm/m/it/10 in mod-u
le in-
 []


Underfull \hbox (badness 10000) in paragraph at lines 517--518
[]\T1/pcr/m/n/10 name \T1/ptm/m/n/10 (\T1/ptm/m/it/10 in-frapy.database.schema.
ASSOC_params at-
 []


Underfull \hbox (badness 10000) in paragraph at lines 518--519
[]\T1/pcr/m/n/10 name \T1/ptm/m/n/10 (\T1/ptm/m/it/10 in-frapy.database.schema.
EDetectParams at-
 []


Overfull \hbox (22.35054pt too wide) in paragraph at lines 523--525
[]\T1/pcr/m/n/10 name() \T1/ptm/m/n/10 (\T1/ptm/m/it/10 in-frapy.propagation.li
kelihoods.InfrasoundDetection
 []


Underfull \hbox (badness 10000) in paragraph at lines 528--529
[]\T1/pcr/m/n/10 negative_binomial() \T1/ptm/m/n/10 (\T1/ptm/m/it/10 in mod-ule
 in-
 []


Underfull \hbox (badness 10000) in paragraph at lines 532--534
[]\T1/pcr/m/n/10 noncentral_chisquare() \T1/ptm/m/n/10 (\T1/ptm/m/it/10 in mod-
ule in-
 []


Overfull \hbox (22.35054pt too wide) in paragraph at lines 536--538
[]\T1/pcr/m/n/10 note() \T1/ptm/m/n/10 (\T1/ptm/m/it/10 in-frapy.propagation.li
kelihoods.InfrasoundDetection
 []

[104]
Overfull \hbox (5.2114pt too wide) in paragraph at lines 547--549
[]\T1/pcr/m/n/10 overlapwlen \T1/ptm/m/n/10 (\T1/ptm/m/it/10 in-frapy.database.
schema.EDetectParams
 []


Underfull \hbox (badness 5519) in paragraph at lines 556--558
[]\T1/pcr/m/n/10 par_theta \T1/ptm/m/n/10 (\T1/ptm/m/it/10 in-frapy.database.sc
hema.loc_results at-
 []


Underfull \hbox (badness 10000) in paragraph at lines 559--561
[]\T1/pcr/m/n/10 passocid \T1/ptm/m/n/10 (\T1/ptm/m/it/10 in-frapy.database.sch
ema.ASSOC_params
 []


Underfull \hbox (badness 10000) in paragraph at lines 563--565
[]\T1/pcr/m/n/10 PathGeometryModel \T1/ptm/m/n/10 (\T1/ptm/m/it/10 class in in-

 []


Overfull \hbox (16.35054pt too wide) in paragraph at lines 566--568
[]\T1/pcr/m/n/10 pdf() \T1/ptm/m/n/10 (\T1/ptm/m/it/10 in-frapy.propagation.lik
elihoods.InfrasoundDetection
 []


Overfull \hbox (3.16034pt too wide) in paragraph at lines 568--570
[]\T1/pcr/m/n/10 pdf() \T1/ptm/m/n/10 (\T1/ptm/m/it/10 in-frapy.propagation.lik
elihoods.SeismicDetection
 []


Underfull \hbox (badness 10000) in paragraph at lines 572--574
[]\T1/pcr/m/n/10 peakF_UTCtime() \T1/ptm/m/n/10 (\T1/ptm/m/it/10 in-
 []


Overfull \hbox (13.34067pt too wide) in paragraph at lines 572--574
\T1/ptm/m/it/10 frapy.propagation.likelihoods.InfrasoundDetection
 []


Underfull \hbox (badness 10000) in paragraph at lines 574--576
[]\T1/pcr/m/n/10 peakF_value() \T1/ptm/m/n/10 (\T1/ptm/m/it/10 in-
 []


Overfull \hbox (13.34067pt too wide) in paragraph at lines 574--576
\T1/ptm/m/it/10 frapy.propagation.likelihoods.InfrasoundDetection
 []


Underfull \hbox (badness 10000) in paragraph at lines 584--585
[]\T1/pcr/m/n/10 plocid \T1/ptm/m/n/10 (\T1/ptm/m/it/10 in-frapy.database.schem
a.loc_params at-
 []


Underfull \hbox (badness 10000) in paragraph at lines 591--592
[]\T1/pcr/m/n/10 priors \T1/ptm/m/n/10 (\T1/ptm/m/it/10 in-frapy.database.schem
a.loc_params at-
 []


Underfull \hbox (badness 10000) in paragraph at lines 592--593
[]\T1/pcr/m/n/10 procPEAKS() \T1/ptm/m/n/10 (\T1/ptm/m/it/10 in mod-ule in-
 []


Underfull \hbox (badness 10000) in paragraph at lines 593--595
[]\T1/pcr/m/n/10 project_Ab \T1/ptm/m/n/10 (\T1/ptm/m/it/10 in mod-ule in-
 []


Underfull \hbox (badness 10000) in paragraph at lines 595--597
[]\T1/pcr/m/n/10 project_ABA \T1/ptm/m/n/10 (\T1/ptm/m/it/10 in mod-ule in-
 []


Underfull \hbox (badness 10000) in paragraph at lines 597--599
[]\T1/pcr/m/n/10 project_ABc \T1/ptm/m/n/10 (\T1/ptm/m/it/10 in mod-ule in-
 []


Underfull \hbox (badness 10000) in paragraph at lines 599--601
[]\T1/pcr/m/n/10 project_beam() \T1/ptm/m/n/10 (\T1/ptm/m/it/10 in mod-ule in-
 []


Underfull \hbox (badness 10000) in paragraph at lines 602--603
[]\T1/pcr/m/n/10 prototype() \T1/ptm/m/n/10 (\T1/ptm/m/it/10 in-frapy.utils.ms2
db.CoreTable prop-
 []


Underfull \hbox (badness 10000) in paragraph at lines 605--607
[]\T1/pcr/m/n/10 pure_state_filter() \T1/ptm/m/n/10 (\T1/ptm/m/it/10 in mod-ule
 in-
 []


Underfull \hbox (badness 5847) in paragraph at lines 610--612
[]\T1/pcr/m/n/10 qassoc \T1/ptm/m/n/10 (\T1/ptm/m/it/10 in-frapy.database.schem
a.ASSOC_results at-
 []


Overfull \hbox (4.1412pt too wide) in paragraph at lines 612--614
[]\T1/pcr/m/n/10 qdetcluster \T1/ptm/m/n/10 (\T1/ptm/m/it/10 in-frapy.database.
schema.ASSOC_results
 []


Underfull \hbox (badness 10000) in paragraph at lines 622--623
[]\T1/pcr/m/n/10 random_integers() \T1/ptm/m/n/10 (\T1/ptm/m/it/10 in mod-ule i
n-
 []


Underfull \hbox (badness 10000) in paragraph at lines 625--627
[]\T1/pcr/m/n/10 rangemax \T1/ptm/m/n/10 (\T1/ptm/m/it/10 in-frapy.database.sch
ema.ASSOC_params
 []


Overfull \hbox (58.20093pt too wide) in paragraph at lines 628--630
[]\T1/pcr/m/n/10 rcel_vrs_min \T1/ptm/m/n/10 (\T1/ptm/m/it/10 in-frapy.propagat
ion.infrasound.PathGeometryModel
 []


Overfull \hbox (28.20093pt too wide) in paragraph at lines 631--633
[]\T1/pcr/m/n/10 rng_max \T1/ptm/m/n/10 (\T1/ptm/m/it/10 in-frapy.propagation.i
nfrasound.PathGeometryModel
 []


Overfull \hbox (40.35054pt too wide) in paragraph at lines 633--635
[]\T1/pcr/m/n/10 rng_pdf() \T1/ptm/m/n/10 (\T1/ptm/m/it/10 in-frapy.propagation
.likelihoods.InfrasoundDetection
 []

[105]
Underfull \hbox (badness 10000) in paragraph at lines 639--641
[]\T1/pcr/m/n/10 run_bislSC_wrapper() \T1/ptm/m/n/10 (\T1/ptm/m/it/10 in mod-ul
e in-
 []


Underfull \hbox (badness 10000) in paragraph at lines 645--647
[]\T1/pcr/m/n/10 SeismicDetection \T1/ptm/m/n/10 (\T1/ptm/m/it/10 class in in-
 []


Underfull \hbox (badness 10000) in paragraph at lines 647--649
[]\T1/pcr/m/n/10 set_array_dim() \T1/ptm/m/n/10 (\T1/ptm/m/it/10 in-
 []


Overfull \hbox (13.34067pt too wide) in paragraph at lines 647--649
\T1/ptm/m/it/10 frapy.propagation.likelihoods.InfrasoundDetection
 []


Underfull \hbox (badness 10000) in paragraph at lines 649--651
[]\T1/pcr/m/n/10 set_back_azimuth() \T1/ptm/m/n/10 (\T1/ptm/m/it/10 in-
 []


Overfull \hbox (13.34067pt too wide) in paragraph at lines 649--651
\T1/ptm/m/it/10 frapy.propagation.likelihoods.InfrasoundDetection
 []


Overfull \hbox (40.35054pt too wide) in paragraph at lines 651--653
[]\T1/pcr/m/n/10 set_ele() \T1/ptm/m/n/10 (\T1/ptm/m/it/10 in-frapy.propagation
.likelihoods.InfrasoundDetection
 []


Overfull \hbox (40.35054pt too wide) in paragraph at lines 653--655
[]\T1/pcr/m/n/10 set_end() \T1/ptm/m/n/10 (\T1/ptm/m/it/10 in-frapy.propagation
.likelihoods.InfrasoundDetection
 []


Underfull \hbox (badness 10000) in paragraph at lines 655--657
[]\T1/pcr/m/n/10 set_event_id() \T1/ptm/m/n/10 (\T1/ptm/m/it/10 in-
 []


Overfull \hbox (13.34067pt too wide) in paragraph at lines 655--657
\T1/ptm/m/it/10 frapy.propagation.likelihoods.InfrasoundDetection
 []


Underfull \hbox (badness 10000) in paragraph at lines 657--659
[]\T1/pcr/m/n/10 set_freq_range() \T1/ptm/m/n/10 (\T1/ptm/m/it/10 in-
 []


Overfull \hbox (13.34067pt too wide) in paragraph at lines 657--659
\T1/ptm/m/it/10 frapy.propagation.likelihoods.InfrasoundDetection
 []


Overfull \hbox (40.35054pt too wide) in paragraph at lines 659--661
[]\T1/pcr/m/n/10 set_lat() \T1/ptm/m/n/10 (\T1/ptm/m/it/10 in-frapy.propagation
.likelihoods.InfrasoundDetection
 []


Overfull \hbox (40.35054pt too wide) in paragraph at lines 661--663
[]\T1/pcr/m/n/10 set_lon() \T1/ptm/m/n/10 (\T1/ptm/m/it/10 in-frapy.propagation
.likelihoods.InfrasoundDetection
 []


Overfull \hbox (58.35054pt too wide) in paragraph at lines 663--665
[]\T1/pcr/m/n/10 set_method() \T1/ptm/m/n/10 (\T1/ptm/m/it/10 in-frapy.propagat
ion.likelihoods.InfrasoundDetection
 []


Overfull \hbox (46.35054pt too wide) in paragraph at lines 665--667
[]\T1/pcr/m/n/10 set_name() \T1/ptm/m/n/10 (\T1/ptm/m/it/10 in-frapy.propagatio
n.likelihoods.InfrasoundDetection
 []


Overfull \hbox (46.35054pt too wide) in paragraph at lines 667--669
[]\T1/pcr/m/n/10 set_note() \T1/ptm/m/n/10 (\T1/ptm/m/it/10 in-frapy.propagatio
n.likelihoods.InfrasoundDetection
 []


Underfull \hbox (badness 10000) in paragraph at lines 669--671
[]\T1/pcr/m/n/10 set_peakF_UTCtime() \T1/ptm/m/n/10 (\T1/ptm/m/it/10 in-
 []


Overfull \hbox (13.34067pt too wide) in paragraph at lines 669--671
\T1/ptm/m/it/10 frapy.propagation.likelihoods.InfrasoundDetection
 []


Underfull \hbox (badness 10000) in paragraph at lines 671--673
[]\T1/pcr/m/n/10 set_peakF_value() \T1/ptm/m/n/10 (\T1/ptm/m/it/10 in-
 []


Overfull \hbox (13.34067pt too wide) in paragraph at lines 671--673
\T1/ptm/m/it/10 frapy.propagation.likelihoods.InfrasoundDetection
 []


Overfull \hbox (52.35054pt too wide) in paragraph at lines 675--677
[]\T1/pcr/m/n/10 set_start() \T1/ptm/m/n/10 (\T1/ptm/m/it/10 in-frapy.propagati
on.likelihoods.InfrasoundDetection
 []


Underfull \hbox (badness 10000) in paragraph at lines 679--681
[]\T1/pcr/m/n/10 set_trace_velocity() \T1/ptm/m/n/10 (\T1/ptm/m/it/10 in-
 []


Overfull \hbox (13.34067pt too wide) in paragraph at lines 679--681
\T1/ptm/m/it/10 frapy.propagation.likelihoods.InfrasoundDetection
 []


Overfull \hbox (15.16034pt too wide) in paragraph at lines 683--685
[]\T1/pcr/m/n/10 sigma() \T1/ptm/m/n/10 (\T1/ptm/m/it/10 in-frapy.propagation.l
ikelihoods.SeismicDetection
 []


Underfull \hbox (badness 10000) in paragraph at lines 686--688
[]\T1/pcr/m/n/10 sourcenum \T1/ptm/m/n/10 (\T1/ptm/m/it/10 in-frapy.database.sc
hema.fd_results at-
 []


Underfull \hbox (badness 10000) in paragraph at lines 688--690
[]\T1/pcr/m/n/10 sourcenum \T1/ptm/m/n/10 (\T1/ptm/m/it/10 in-frapy.database.sc
hema.fk_results at-
 []


Underfull \hbox (badness 10000) in paragraph at lines 692--694
[]\T1/pcr/m/n/10 src_spec_pdf() \T1/ptm/m/n/10 (\T1/ptm/m/it/10 in-
 []


Overfull \hbox (13.34067pt too wide) in paragraph at lines 692--694
\T1/ptm/m/it/10 frapy.propagation.likelihoods.InfrasoundDetection
 []


Underfull \hbox (badness 10000) in paragraph at lines 697--698
[]\T1/pcr/m/n/10 standard_cauchy() \T1/ptm/m/n/10 (\T1/ptm/m/it/10 in mod-ule i
n-
 []


Underfull \hbox (badness 10000) in paragraph at lines 698--700
[]\T1/pcr/m/n/10 standard_exponential() \T1/ptm/m/n/10 (\T1/ptm/m/it/10 in mod-
ule in-
 []


Underfull \hbox (badness 10000) in paragraph at lines 701--702
[]\T1/pcr/m/n/10 standard_normal() \T1/ptm/m/n/10 (\T1/ptm/m/it/10 in mod-ule i
n-
 []


Overfull \hbox (28.35054pt too wide) in paragraph at lines 703--705
[]\T1/pcr/m/n/10 start() \T1/ptm/m/n/10 (\T1/ptm/m/it/10 in-frapy.propagation.l
ikelihoods.InfrasoundDetection
 []


Underfull \hbox (badness 10000) in paragraph at lines 705--707
[]\T1/pcr/m/n/10 stepslowness \T1/ptm/m/n/10 (\T1/ptm/m/it/10 in-frapy.database
.schema.fk_params
 []


Underfull \hbox (badness 10000) in paragraph at lines 707--709
[]\T1/pcr/m/n/10 strat_therm_bnd \T1/ptm/m/n/10 (\T1/ptm/m/it/10 in-
 []


Overfull \hbox (13.19106pt too wide) in paragraph at lines 707--709
\T1/ptm/m/it/10 frapy.propagation.infrasound.PathGeometryModel
 []


Underfull \hbox (badness 10000) in paragraph at lines 709--711
[]\T1/pcr/m/n/10 stream2array() \T1/ptm/m/n/10 (\T1/ptm/m/it/10 in mod-ule in-
 []


Underfull \hbox (badness 10000) in paragraph at lines 711--713
[]\T1/pcr/m/n/10 stream_to_array_data() \T1/ptm/m/n/10 (\T1/ptm/m/it/10 in mod-
ule in-
 []


Underfull \hbox (badness 10000) in paragraph at lines 714--716
[]\T1/pcr/m/n/10 summarize_clusters() \T1/ptm/m/n/10 (\T1/ptm/m/it/10 in mod-ul
e in-
 []


Underfull \hbox (badness 10000) in paragraph at lines 716--717
[]\T1/pcr/m/n/10 svdAV_wv() \T1/ptm/m/n/10 (\T1/ptm/m/it/10 in mod-ule in-
 []


Underfull \hbox (badness 10000) in paragraph at lines 724--725
[]\T1/pcr/m/n/10 tapering() \T1/ptm/m/n/10 (\T1/ptm/m/it/10 in mod-ule in-
 []


Underfull \hbox (badness 10000) in paragraph at lines 725--726
[]\T1/pcr/m/n/10 tb_prod \T1/ptm/m/n/10 (\T1/ptm/m/it/10 in-frapy.database.sche
ma.fd_params at-
 []

[106]
Underfull \hbox (badness 10000) in paragraph at lines 733--734
[]\T1/pcr/m/n/10 timeend \T1/ptm/m/n/10 (\T1/ptm/m/it/10 in-frapy.database.sche
ma.loc_results at-
 []


Underfull \hbox (badness 10000) in paragraph at lines 738--739
[]\T1/pcr/m/n/10 timeini \T1/ptm/m/n/10 (\T1/ptm/m/it/10 in-frapy.database.sche
ma.loc_results at-
 []


Underfull \hbox (badness 10000) in paragraph at lines 743--745
[]\T1/pcr/m/n/10 timeorigmean \T1/ptm/m/n/10 (\T1/ptm/m/it/10 in-frapy.database
.schema.loc_results
 []


Underfull \hbox (badness 10000) in paragraph at lines 751--753
[]\T1/pcr/m/n/10 trace_velocity() \T1/ptm/m/n/10 (\T1/ptm/m/it/10 in-
 []


Overfull \hbox (13.34067pt too wide) in paragraph at lines 751--753
\T1/ptm/m/it/10 frapy.propagation.likelihoods.InfrasoundDetection
 []


Underfull \hbox (badness 10000) in paragraph at lines 754--755
[]\T1/pcr/m/n/10 trim_clusters() \T1/ptm/m/n/10 (\T1/ptm/m/it/10 in mod-ule in-

 []


Overfull \hbox (1.69167pt too wide) in paragraph at lines 755--757
[]\T1/pcr/m/n/10 trimthresh \T1/ptm/m/n/10 (\T1/ptm/m/it/10 in-frapy.database.s
chema.ASSOC_params
 []


Underfull \hbox (badness 10000) in paragraph at lines 757--759
[]\T1/pcr/m/n/10 trimthreshscalar \T1/ptm/m/n/10 (\T1/ptm/m/it/10 in-
 []


Underfull \hbox (badness 10000) in paragraph at lines 757--759
\T1/ptm/m/it/10 frapy.database.schema.ASSOC_params at-
 []


Underfull \hbox (badness 10000) in paragraph at lines 759--761
[]\T1/pcr/m/n/10 tropo_strat_bnd \T1/ptm/m/n/10 (\T1/ptm/m/it/10 in-
 []


Overfull \hbox (13.19106pt too wide) in paragraph at lines 759--761
\T1/ptm/m/it/10 frapy.propagation.infrasound.PathGeometryModel
 []


Underfull \hbox (badness 10000) in paragraph at lines 763--764
[]\T1/pcr/m/n/10 trvelmax \T1/ptm/m/n/10 (\T1/ptm/m/it/10 in-frapy.database.sch
ema.fk_params at-
 []


Underfull \hbox (badness 10000) in paragraph at lines 764--765
[]\T1/pcr/m/n/10 trvelmin \T1/ptm/m/n/10 (\T1/ptm/m/it/10 in-frapy.database.sch
ema.fk_params at-
 []


Underfull \hbox (badness 7888) in paragraph at lines 765--766
[]\T1/pcr/m/n/10 trvelstep \T1/ptm/m/n/10 (\T1/ptm/m/it/10 in-frapy.database.sc
hema.fk_params at-
 []


Overfull \hbox (27.16034pt too wide) in paragraph at lines 766--768
[]\T1/pcr/m/n/10 trvl_tm() \T1/ptm/m/n/10 (\T1/ptm/m/it/10 in-frapy.propagation
.likelihoods.SeismicDetection
 []


Underfull \hbox (badness 10000) in paragraph at lines 775--777
[]\T1/pcr/m/n/10 view_distance_matrix() \T1/ptm/m/n/10 (\T1/ptm/m/it/10 in mod-
ule in-
 []


Underfull \hbox (badness 10000) in paragraph at lines 784--786
[]\T1/pcr/m/n/10 wlenlong \T1/ptm/m/n/10 (\T1/ptm/m/it/10 in-frapy.database.sch
ema.EDetectParams
 []


Underfull \hbox (badness 7012) in paragraph at lines 786--788
[]\T1/pcr/m/n/10 wlenshort \T1/ptm/m/n/10 (\T1/ptm/m/it/10 in-frapy.database.sc
hema.EDetectParams
 []


Underfull \hbox (badness 10000) in paragraph at lines 791--792
[]\T1/pcr/m/n/10 xcorr_beam() \T1/ptm/m/n/10 (\T1/ptm/m/it/10 in mod-ule in-
 []


Underfull \hbox (badness 10000) in paragraph at lines 794--796
[]\T1/pcr/m/n/10 xcorrvalmean \T1/ptm/m/n/10 (\T1/ptm/m/it/10 in-frapy.database
.schema.fk_results
 []

[107])
Package atveryend Info: Empty hook `BeforeClearDocument' on input line 9605.
Package atveryend Info: Empty hook `AfterLastShipout' on input line 9605.
 (./InfraPy.aux)
Package atveryend Info: Executing hook `AtVeryEndDocument' on input line 9605.
Package atveryend Info: Executing hook `AtEndAfterFileList' on input line 9605.



Package rerunfilecheck Warning: File `InfraPy.out' has changed.
(rerunfilecheck)                Rerun to get outlines right
(rerunfilecheck)                or use package `bookmark'.

Package rerunfilecheck Info: Checksums for `InfraPy.out':
(rerunfilecheck)             Before: 61C89B9A2FAC4FA05128BB1A57B1BD70;14210
(rerunfilecheck)             After:  7B4B04423DB6596478AB46401EDF4E21;14282.

LaTeX Warning: Label(s) may have changed. Rerun to get cross-references right.

Package atveryend Info: Empty hook `AtVeryVeryEnd' on input line 9605.
 ) 
Here is how much of TeX's memory you used:
 14794 strings out of 492649
 232605 string characters out of 6129622
 364438 words of memory out of 5000000
 17664 multiletter control sequences out of 15000+600000
 59382 words of font info for 86 fonts, out of 8000000 for 9000
 1142 hyphenation exceptions out of 8191
 37i,26n,51p,1043b,644s stack positions out of 5000i,500n,10000p,200000b,80000s
{/usr/local/texlive/2018/texmf-dist/fonts/enc/dvips/base/8r.enc}</usr/local/t
exlive/2018/texmf-dist/fonts/type1/public/amsfonts/cm/cmex10.pfb></usr/local/te
xlive/2018/texmf-dist/fonts/type1/public/amsfonts/cmextra/cmex7.pfb></usr/local
/texlive/2018/texmf-dist/fonts/type1/public/amsfonts/cm/cmmi10.pfb></usr/local/
texlive/2018/texmf-dist/fonts/type1/public/amsfonts/cm/cmmi5.pfb></usr/local/te
xlive/2018/texmf-dist/fonts/type1/public/amsfonts/cm/cmmi7.pfb></usr/local/texl
ive/2018/texmf-dist/fonts/type1/public/amsfonts/cm/cmr10.pfb></usr/local/texliv
e/2018/texmf-dist/fonts/type1/public/amsfonts/cm/cmr5.pfb></usr/local/texlive/2
018/texmf-dist/fonts/type1/public/amsfonts/cm/cmr7.pfb></usr/local/texlive/2018
/texmf-dist/fonts/type1/public/amsfonts/cm/cmsy10.pfb></usr/local/texlive/2018/
texmf-dist/fonts/type1/public/amsfonts/cm/cmsy5.pfb></usr/local/texlive/2018/te
xmf-dist/fonts/type1/public/amsfonts/cm/cmsy7.pfb></usr/local/texlive/2018/texm
f-dist/fonts/type1/public/amsfonts/cm/cmtt8.pfb></usr/local/texlive/2018/texmf-
dist/fonts/type1/urw/courier/ucrb8a.pfb></usr/local/texlive/2018/texmf-dist/fon
ts/type1/urw/courier/ucrr8a.pfb></usr/local/texlive/2018/texmf-dist/fonts/type1
/urw/courier/ucrro8a.pfb></usr/local/texlive/2018/texmf-dist/fonts/type1/urw/he
lvetic/uhvb8a.pfb></usr/local/texlive/2018/texmf-dist/fonts/type1/urw/helvetic/
uhvbo8a.pfb></usr/local/texlive/2018/texmf-dist/fonts/type1/urw/helvetic/uhvr8a
.pfb></usr/local/texlive/2018/texmf-dist/fonts/type1/urw/times/utmb8a.pfb></usr
/local/texlive/2018/texmf-dist/fonts/type1/urw/times/utmr8a.pfb></usr/local/tex
live/2018/texmf-dist/fonts/type1/urw/times/utmri8a.pfb>
Output written on InfraPy.pdf (111 pages, 1280581 bytes).
PDF statistics:
 2190 PDF objects out of 2487 (max. 8388607)
 2014 compressed objects within 21 object streams
 688 named destinations out of 1000 (max. 500000)
 705 words of extra memory for PDF output out of 10000 (max. 10000000)

