\BOOKMARK [0][-]{chapter.1}{\376\377\000C\000o\000n\000t\000e\000n\000t\000s}{}% 1
\BOOKMARK [1][-]{section.1.1}{\376\377\000O\000v\000e\000r\000v\000i\000e\000w}{chapter.1}% 2
\BOOKMARK [1][-]{section.1.2}{\376\377\000A\000u\000t\000h\000o\000r\000s\000h\000i\000p}{chapter.1}% 3
\BOOKMARK [1][-]{section.1.3}{\376\377\000I\000n\000s\000t\000a\000l\000l\000a\000t\000i\000o\000n}{chapter.1}% 4
\BOOKMARK [2][-]{subsection.1.3.1}{\376\377\000O\000p\000e\000r\000a\000t\000i\000n\000g\000\040\000S\000y\000s\000t\000e\000m\000s}{section.1.3}% 5
\BOOKMARK [2][-]{subsection.1.3.2}{\376\377\000A\000n\000a\000c\000o\000n\000d\000a}{section.1.3}% 6
\BOOKMARK [2][-]{subsection.1.3.3}{\376\377\000I\000n\000f\000r\000a\000p\000y\000\040\000I\000n\000s\000t\000a\000l\000l\000a\000t\000i\000o\000n}{section.1.3}% 7
\BOOKMARK [2][-]{subsection.1.3.4}{\376\377\000T\000e\000s\000t\000i\000n\000g}{section.1.3}% 8
\BOOKMARK [2][-]{subsection.1.3.5}{\376\377\000R\000u\000n\000n\000i\000n\000g\000\040\000t\000h\000e\000\040\000I\000n\000f\000r\000a\000V\000i\000e\000w\000\040\000G\000U\000I\000\040\000A\000p\000p\000l\000i\000c\000a\000t\000i\000o\000n}{section.1.3}% 9
\BOOKMARK [1][-]{section.1.4}{\376\377\000Q\000u\000i\000c\000k\000s\000t\000a\000r\000t}{chapter.1}% 10
\BOOKMARK [1][-]{section.1.5}{\376\377\000I\000n\000t\000e\000r\000f\000a\000c\000i\000n\000g\000\040\000w\000i\000t\000h\000\040\000P\000i\000s\000c\000e\000s}{chapter.1}% 11
\BOOKMARK [2][-]{subsection.1.5.1}{\376\377\000C\000o\000n\000v\000e\000r\000t\000i\000n\000g\000\040\000D\000a\000t\000a\000\040\000i\000n\000t\000o\000\040\000S\000q\000l\000i\000t\000e\000\040\000D\000a\000t\000a\000b\000a\000s\000e\000s}{section.1.5}% 12
\BOOKMARK [2][-]{subsection.1.5.2}{\376\377\000C\000o\000n\000n\000e\000c\000t\000i\000n\000g\000\040\000t\000o\000\040\000a\000\040\000S\000Q\000L\000\040\000D\000a\000t\000a\000b\000a\000s\000e}{section.1.5}% 13
\BOOKMARK [3][-]{subsubsection.1.5.2.1}{\376\377\000D\000e\000f\000i\000n\000i\000n\000g\000\040\000S\000c\000h\000e\000m\000a\000\040\000S\000p\000e\000c\000i\000f\000i\000c\000\040\000T\000a\000b\000l\000e\000s}{subsection.1.5.2}% 14
\BOOKMARK [3][-]{subsubsection.1.5.2.2}{\376\377\000C\000o\000n\000n\000e\000c\000t\000i\000o\000n\000\040\000w\000i\000t\000h\000i\000n\000\040\000p\000i\000p\000e\000l\000i\000n\000e\000\040\000p\000r\000o\000c\000e\000s\000s\000i\000n\000g\000\040\000c\000o\000n\000f\000i\000g\000u\000r\000a\000t\000i\000o\000n\000\040\000f\000i\000l\000e}{subsection.1.5.2}% 15
\BOOKMARK [3][-]{subsubsection.1.5.2.3}{\376\377\000C\000o\000n\000n\000e\000c\000t\000i\000o\000n\000\040\000w\000i\000t\000h\000\040\000a\000\040\000d\000b\000.\000c\000f\000g\000\040\000f\000i\000l\000e}{subsection.1.5.2}% 16
\BOOKMARK [1][-]{section.1.6}{\376\377\000A\000l\000g\000o\000r\000i\000t\000h\000m\000s}{chapter.1}% 17
\BOOKMARK [2][-]{subsection.1.6.1}{\376\377\000S\000t\000a\000t\000i\000o\000n\000\040\000L\000e\000v\000e\000l\000\040\000P\000r\000o\000c\000e\000s\000s\000i\000n\000g}{section.1.6}% 18
\BOOKMARK [3][-]{subsubsection.1.6.1.1}{\376\377\000A\000r\000r\000a\000y\000\040\000P\000r\000o\000c\000e\000s\000s\000i\000n\000g}{subsection.1.6.1}% 19
\BOOKMARK [3][-]{subsubsection.1.6.1.2}{\376\377\000T\000h\000e\000\040\000A\000d\000a\000p\000t\000i\000v\000e\000\040\000F\000-\000D\000e\000t\000e\000c\000t\000o\000r}{subsection.1.6.1}% 20
\BOOKMARK [2][-]{subsection.1.6.2}{\376\377\000N\000e\000t\000w\000o\000r\000k\000\040\000L\000e\000v\000e\000l\000\040\000P\000r\000o\000c\000e\000s\000s\000i\000n\000g}{section.1.6}% 21
\BOOKMARK [3][-]{subsubsection.1.6.2.1}{\376\377\000A\000s\000s\000o\000c\000i\000a\000t\000i\000o\000n}{subsection.1.6.2}% 22
\BOOKMARK [3][-]{subsubsection.1.6.2.2}{\376\377\000B\000a\000y\000e\000s\000i\000a\000n\000\040\000I\000n\000f\000r\000a\000s\000o\000n\000i\000c\000\040\000S\000o\000u\000r\000c\000e\000\040\000L\000o\000c\000a\000l\000i\000z\000a\000t\000i\000o\000n}{subsection.1.6.2}% 23
\BOOKMARK [4][-]{paragraph.1.6.2.2.1}{\376\377\000A\000r\000r\000a\000y\000\040\000P\000r\000o\000c\000e\000s\000s\000i\000n\000g}{subsubsection.1.6.2.2}% 24
\BOOKMARK [4][-]{paragraph.1.6.2.2.2}{\376\377\000T\000h\000e\000\040\000A\000d\000a\000p\000t\000i\000v\000e\000\040\000F\000-\000D\000e\000t\000e\000c\000t\000o\000r}{subsubsection.1.6.2.2}% 25
\BOOKMARK [4][-]{paragraph.1.6.2.2.3}{\376\377\000A\000s\000s\000o\000c\000i\000a\000t\000i\000o\000n}{subsubsection.1.6.2.2}% 26
\BOOKMARK [4][-]{paragraph.1.6.2.2.4}{\376\377\000B\000a\000y\000e\000s\000i\000a\000n\000\040\000I\000n\000f\000r\000a\000s\000o\000n\000i\000c\000\040\000S\000o\000u\000r\000c\000e\000\040\000L\000o\000c\000a\000l\000i\000z\000a\000t\000i\000o\000n}{subsubsection.1.6.2.2}% 27
\BOOKMARK [1][-]{section.1.7}{\376\377\000D\000a\000t\000a\000\040\000P\000r\000o\000c\000e\000s\000s\000i\000n\000g\000\040\000F\000l\000o\000w}{chapter.1}% 28
\BOOKMARK [2][-]{subsection.1.7.1}{\376\377\000T\000h\000e\000\040\000A\000d\000a\000p\000t\000i\000v\000e\000\040\000F\000-\000D\000e\000t\000e\000c\000t\000o\000r}{section.1.7}% 29
\BOOKMARK [2][-]{subsection.1.7.2}{\376\377\000A\000s\000s\000o\000c\000i\000a\000t\000i\000o\000n}{section.1.7}% 30
\BOOKMARK [2][-]{subsection.1.7.3}{\376\377\000B\000a\000y\000e\000s\000i\000a\000n\000\040\000I\000n\000f\000r\000a\000s\000o\000n\000i\000c\000\040\000S\000o\000u\000r\000c\000e\000\040\000L\000o\000c\000a\000l\000i\000z\000a\000t\000i\000o\000n}{section.1.7}% 31
\BOOKMARK [3][-]{subsubsection.1.7.3.1}{\376\377\000S\000t\000a\000n\000d\000-\000A\000l\000o\000n\000e\000\040\000P\000r\000o\000c\000e\000s\000s\000i\000n\000g}{subsection.1.7.3}% 32
\BOOKMARK [3][-]{subsubsection.1.7.3.2}{\376\377\000R\000u\000n\000n\000i\000n\000g\000\040\000P\000i\000p\000e\000l\000i\000n\000e\000\040\000P\000r\000o\000c\000e\000s\000s\000i\000n\000g\000\040\000i\000n\000\040\000I\000n\000f\000r\000a\000p\000y}{subsection.1.7.3}% 33
\BOOKMARK [4][-]{paragraph.1.7.3.2.1}{\376\377\000C\000o\000n\000f\000i\000g\000u\000r\000a\000t\000i\000o\000n\000\040\000F\000i\000l\000e\000s}{subsubsection.1.7.3.2}% 34
\BOOKMARK [4][-]{paragraph.1.7.3.2.2}{\376\377\000I\000n\000f\000r\000a\000p\000y\000\040\000F\000K\000\040\000P\000r\000o\000c\000e\000s\000s\000i\000n\000g}{subsubsection.1.7.3.2}% 35
\BOOKMARK [4][-]{paragraph.1.7.3.2.3}{\376\377\000I\000n\000f\000r\000a\000p\000y\000\040\000D\000e\000t\000e\000c\000t\000i\000o\000n\000\040\000\050\000F\000D\000\051\000\040\000P\000r\000o\000c\000e\000s\000s\000i\000n\000g}{subsubsection.1.7.3.2}% 36
\BOOKMARK [4][-]{paragraph.1.7.3.2.4}{\376\377\000I\000n\000f\000r\000a\000p\000y\000\040\000A\000s\000s\000o\000c\000\040\000P\000r\000o\000c\000e\000s\000s\000i\000n\000g}{subsubsection.1.7.3.2}% 37
\BOOKMARK [4][-]{paragraph.1.7.3.2.5}{\376\377\000S\000c\000r\000i\000p\000t\000s}{subsubsection.1.7.3.2}% 38
\BOOKMARK [1][-]{section.1.8}{\376\377\000T\000u\000t\000o\000r\000i\000a\000l}{chapter.1}% 39
\BOOKMARK [1][-]{section.1.9}{\376\377\000S\000c\000h\000e\000m\000a}{chapter.1}% 40
\BOOKMARK [2][-]{subsection.1.9.1}{\376\377\000T\000a\000b\000l\000e\000\040\000D\000e\000s\000c\000r\000i\000p\000t\000i\000o\000n\000s}{section.1.9}% 41
\BOOKMARK [3][-]{subsubsection.1.9.1.1}{\376\377\000C\000o\000n\000v\000e\000n\000t\000i\000o\000n\000s}{subsection.1.9.1}% 42
\BOOKMARK [3][-]{subsubsection.1.9.1.2}{\376\377\000T\000a\000b\000l\000e\000\040\000D\000e\000f\000i\000n\000i\000t\000i\000o\000n\000s\000:\000\040\000I\000n\000f\000r\000a\000p\000y\000-\000S\000p\000e\000c\000i\000f\000i\000c\000\040\000T\000a\000b\000l\000e\000s}{subsection.1.9.1}% 43
\BOOKMARK [1][-]{section.1.10}{\376\377\000A\000P\000I}{chapter.1}% 44
\BOOKMARK [2][-]{subsection.1.10.1}{\376\377\000A\000s\000s\000o\000c\000i\000a\000t\000i\000o\000n}{section.1.10}% 45
\BOOKMARK [3][-]{subsubsection.1.10.1.1}{\376\377\000H\000J\000L}{subsection.1.10.1}% 46
\BOOKMARK [2][-]{subsection.1.10.2}{\376\377\000C\000h\000a\000r\000a\000c\000t\000e\000r\000i\000z\000a\000t\000i\000o\000n}{section.1.10}% 47
\BOOKMARK [3][-]{subsubsection.1.10.2.1}{\376\377\000S\000P\000Y\000E}{subsection.1.10.2}% 48
\BOOKMARK [2][-]{subsection.1.10.3}{\376\377\000D\000a\000t\000a\000b\000a\000s\000e\000\040\000P\000r\000o\000c\000e\000s\000s\000i\000n\000g}{section.1.10}% 49
\BOOKMARK [3][-]{subsubsection.1.10.3.1}{\376\377\000D\000a\000t\000a\000b\000a\000s\000e\000\040\000P\000r\000o\000c\000e\000s\000s\000i\000n\000g\000\040\000T\000a\000s\000k\000b\000a\000s\000e}{subsection.1.10.3}% 50
\BOOKMARK [3][-]{subsubsection.1.10.3.2}{\376\377\000D\000a\000t\000a\000b\000a\000s\000e\000\040\000S\000c\000h\000e\000m\000a}{subsection.1.10.3}% 51
\BOOKMARK [2][-]{subsection.1.10.4}{\376\377\000B\000e\000a\000m\000f\000o\000r\000m\000i\000n\000g\000/\000D\000e\000t\000e\000c\000t\000i\000o\000n}{section.1.10}% 52
\BOOKMARK [3][-]{subsubsection.1.10.4.1}{\376\377\000B\000e\000a\000m\000f\000o\000r\000m\000i\000n\000g}{subsection.1.10.4}% 53
\BOOKMARK [3][-]{subsubsection.1.10.4.2}{\376\377\000B\000e\000a\000m\000f\000o\000r\000m\000i\000n\000g\000\137\000n\000e\000w}{subsection.1.10.4}% 54
\BOOKMARK [2][-]{subsection.1.10.5}{\376\377\000L\000o\000c\000a\000t\000i\000o\000n}{section.1.10}% 55
\BOOKMARK [3][-]{subsubsection.1.10.5.1}{\376\377\000B\000I\000S\000L}{subsection.1.10.5}% 56
\BOOKMARK [2][-]{subsection.1.10.6}{\376\377\000P\000r\000o\000p\000a\000g\000a\000t\000i\000o\000n}{section.1.10}% 57
\BOOKMARK [3][-]{subsubsection.1.10.6.1}{\376\377\000I\000n\000f\000r\000a\000s\000o\000u\000n\000d}{subsection.1.10.6}% 58
\BOOKMARK [3][-]{subsubsection.1.10.6.2}{\376\377\000L\000i\000k\000e\000l\000i\000h\000o\000o\000d\000s}{subsection.1.10.6}% 59
\BOOKMARK [3][-]{subsubsection.1.10.6.3}{\376\377\000S\000e\000i\000s\000m\000i\000c}{subsection.1.10.6}% 60
\BOOKMARK [2][-]{subsection.1.10.7}{\376\377\000U\000t\000i\000l\000s}{section.1.10}% 61
\BOOKMARK [3][-]{subsubsection.1.10.7.1}{\376\377\000i\000n\000f\000r\000a\000p\000y\000.\000u\000t\000i\000l\000s\000.\000c\000a\000r\000t\0002\000p\000o\000l\000\040\000m\000o\000d\000u\000l\000e}{subsection.1.10.7}% 62
\BOOKMARK [3][-]{subsubsection.1.10.7.2}{\376\377\000i\000n\000f\000r\000a\000p\000y\000.\000u\000t\000i\000l\000s\000.\000c\000o\000n\000f\000i\000d\000e\000n\000c\000e\000\040\000m\000o\000d\000u\000l\000e}{subsection.1.10.7}% 63
\BOOKMARK [3][-]{subsubsection.1.10.7.3}{\376\377\000i\000n\000f\000r\000a\000p\000y\000.\000u\000t\000i\000l\000s\000.\000d\000b\0002\000d\000b\000\040\000m\000o\000d\000u\000l\000e}{subsection.1.10.7}% 64
\BOOKMARK [3][-]{subsubsection.1.10.7.4}{\376\377\000i\000n\000f\000r\000a\000p\000y\000.\000u\000t\000i\000l\000s\000.\000d\000b\0002\000s\000a\000c\000\040\000m\000o\000d\000u\000l\000e}{subsection.1.10.7}% 65
\BOOKMARK [3][-]{subsubsection.1.10.7.5}{\376\377\000i\000n\000f\000r\000a\000p\000y\000.\000u\000t\000i\000l\000s\000.\000f\000i\000l\000e\000s\0002\000d\000b\000\040\000m\000o\000d\000u\000l\000e}{subsection.1.10.7}% 66
\BOOKMARK [3][-]{subsubsection.1.10.7.6}{\376\377\000i\000n\000f\000r\000a\000p\000y\000.\000u\000t\000i\000l\000s\000.\000g\000e\000t\000\137\000a\000r\000r\000a\000y\000w\000a\000v\000e\000f\000o\000r\000m\000s\000\040\000m\000o\000d\000u\000l\000e}{subsection.1.10.7}% 67
\BOOKMARK [3][-]{subsubsection.1.10.7.7}{\376\377\000i\000n\000f\000r\000a\000p\000y\000.\000u\000t\000i\000l\000s\000.\000g\000e\000t\000\137\000h\000e\000a\000d\000e\000r\000\137\000t\000a\000b\000l\000e\000\040\000m\000o\000d\000u\000l\000e}{subsection.1.10.7}% 68
\BOOKMARK [3][-]{subsubsection.1.10.7.8}{\376\377\000i\000n\000f\000r\000a\000p\000y\000.\000u\000t\000i\000l\000s\000.\000g\000e\000t\000\137\000m\000e\000a\000n\000\137\000l\000o\000c\000a\000t\000i\000o\000n\000s\000\040\000m\000o\000d\000u\000l\000e}{subsection.1.10.7}% 69
\BOOKMARK [3][-]{subsubsection.1.10.7.9}{\376\377\000i\000n\000f\000r\000a\000p\000y\000.\000u\000t\000i\000l\000s\000.\000l\000a\000t\000l\000o\000n\000\040\000m\000o\000d\000u\000l\000e}{subsection.1.10.7}% 70
\BOOKMARK [3][-]{subsubsection.1.10.7.10}{\376\377\000i\000n\000f\000r\000a\000p\000y\000.\000u\000t\000i\000l\000s\000.\000m\000s\0002\000d\000b\000\040\000m\000o\000d\000u\000l\000e}{subsection.1.10.7}% 71
\BOOKMARK [3][-]{subsubsection.1.10.7.11}{\376\377\000i\000n\000f\000r\000a\000p\000y\000.\000u\000t\000i\000l\000s\000.\000o\000b\000s\000p\000y\000\137\000c\000o\000n\000v\000e\000r\000s\000i\000o\000n\000\040\000m\000o\000d\000u\000l\000e}{subsection.1.10.7}% 72
\BOOKMARK [3][-]{subsubsection.1.10.7.12}{\376\377\000i\000n\000f\000r\000a\000p\000y\000.\000u\000t\000i\000l\000s\000.\000p\000r\000o\000g\000\137\000b\000a\000r\000\040\000m\000o\000d\000u\000l\000e}{subsection.1.10.7}% 73
\BOOKMARK [3][-]{subsubsection.1.10.7.13}{\376\377\000i\000n\000f\000r\000a\000p\000y\000.\000u\000t\000i\000l\000s\000.\000r\000e\000f\0002\000s\000a\000c\000\040\000m\000o\000d\000u\000l\000e}{subsection.1.10.7}% 74
\BOOKMARK [3][-]{subsubsection.1.10.7.14}{\376\377\000i\000n\000f\000r\000a\000p\000y\000.\000u\000t\000i\000l\000s\000.\000s\000a\000c\000\137\000s\000t\000a\000t\000s\000\040\000m\000o\000d\000u\000l\000e}{subsection.1.10.7}% 75
\BOOKMARK [3][-]{subsubsection.1.10.7.15}{\376\377\000i\000n\000f\000r\000a\000p\000y\000.\000u\000t\000i\000l\000s\000.\000s\000e\000e\000d\0002\000s\000a\000c\000\040\000m\000o\000d\000u\000l\000e}{subsection.1.10.7}% 76
\BOOKMARK [3][-]{subsubsection.1.10.7.16}{\376\377\000i\000n\000f\000r\000a\000p\000y\000.\000u\000t\000i\000l\000s\000.\000s\000h\000o\000r\000t\000\137\000t\000i\000m\000e\000\040\000m\000o\000d\000u\000l\000e}{subsection.1.10.7}% 77
\BOOKMARK [3][-]{subsubsection.1.10.7.17}{\376\377\000i\000n\000f\000r\000a\000p\000y\000.\000u\000t\000i\000l\000s\000.\000s\000k\000e\000w\000\137\000n\000o\000r\000m\000\040\000m\000o\000d\000u\000l\000e}{subsection.1.10.7}% 78
\BOOKMARK [3][-]{subsubsection.1.10.7.18}{\376\377\000i\000n\000f\000r\000a\000p\000y\000.\000u\000t\000i\000l\000s\000.\000z\000i\000p\0002\000r\000e\000f\000\040\000m\000o\000d\000u\000l\000e}{subsection.1.10.7}% 79
\BOOKMARK [0][-]{section*.471}{\376\377\000P\000y\000t\000h\000o\000n\000\040\000M\000o\000d\000u\000l\000e\000\040\000I\000n\000d\000e\000x}{}% 80
\BOOKMARK [0][-]{section*.472}{\376\377\000I\000n\000d\000e\000x}{}% 81
